# JRE version: 7.0_04-b21
# Java VM: Java HotSpot(TM) 64-Bit Server VM (23.0-b21 mixed mode bsd-amd64 compressed oops)
Heap
 PSYoungGen      total 49024K, used 33533K [0x00000007e2a00000, 0x00000007e89c0000, 0x0000000800000000)
  eden space 45312K, 66% used [0x00000007e2a00000,0x00000007e474f140,0x00000007e5640000)
  from space 3712K, 94% used [0x00000007e5640000,0x00000007e59b05e0,0x00000007e59e0000)
  to   space 3712K, 0% used [0x00000007e8620000,0x00000007e8620000,0x00000007e89c0000)
 ParOldGen       total 155584K, used 77438K [0x00000007a7e00000, 0x00000007b15f0000, 0x00000007e2a00000)
  object space 155584K, 49% used [0x00000007a7e00000,0x00000007ac99fb50,0x00000007b15f0000)
 PSPermGen       total 21248K, used 11513K [0x00000007a2c00000, 0x00000007a40c0000, 0x00000007a7e00000)
  object space 21248K, 54% used [0x00000007a2c00000,0x00000007a373e430,0x00000007a40c0000)
GC Heap History (8 events):
Event: 1.258 GC heap before
{Heap before GC invocations=1 (full 0):
 PSYoungGen      total 26368K, used 22378K [0x00000007e2a00000, 0x00000007e4760000, 0x0000000800000000)
  eden space 22656K, 98% used [0x00000007e2a00000,0x00000007e3fda8b8,0x00000007e4020000)
  from space 3712K, 0% used [0x00000007e43c0000,0x00000007e43c0000,0x00000007e4760000)
  to   space 3712K, 0% used [0x00000007e4020000,0x00000007e4020000,0x00000007e43c0000)
 ParOldGen       total 60160K, used 0K [0x00000007a7e00000, 0x00000007ab8c0000, 0x00000007e2a00000)
  object space 60160K, 0% used [0x00000007a7e00000,0x00000007a7e00000,0x00000007ab8c0000)
 PSPermGen       total 21248K, used 6193K [0x00000007a2c00000, 0x00000007a40c0000, 0x00000007a7e00000)
  object space 21248K, 29% used [0x00000007a2c00000,0x00000007a320c448,0x00000007a40c0000)
Event: 1.280 GC heap after
Heap after GC invocations=1 (full 0):
 PSYoungGen      total 26368K, used 3710K [0x00000007e2a00000, 0x00000007e5d80000, 0x0000000800000000)
  eden space 22656K, 0% used [0x00000007e2a00000,0x00000007e2a00000,0x00000007e4020000)
  from space 3712K, 99% used [0x00000007e4020000,0x00000007e43bf890,0x00000007e43c0000)
  to   space 3712K, 0% used [0x00000007e59e0000,0x00000007e59e0000,0x00000007e5d80000)
 ParOldGen       total 60160K, used 13851K [0x00000007a7e00000, 0x00000007ab8c0000, 0x00000007e2a00000)
  object space 60160K, 23% used [0x00000007a7e00000,0x00000007a8b86f38,0x00000007ab8c0000)
 PSPermGen       total 21248K, used 6193K [0x00000007a2c00000, 0x00000007a40c0000, 0x00000007a7e00000)
  object space 21248K, 29% used [0x00000007a2c00000,0x00000007a320c448,0x00000007a40c0000)
}
Event: 1.748 GC heap before
{Heap before GC invocations=2 (full 0):
 PSYoungGen      total 26368K, used 26105K [0x00000007e2a00000, 0x00000007e5d80000, 0x0000000800000000)
  eden space 22656K, 98% used [0x00000007e2a00000,0x00000007e3fdecd8,0x00000007e4020000)
  from space 3712K, 99% used [0x00000007e4020000,0x00000007e43bf890,0x00000007e43c0000)
  to   space 3712K, 0% used [0x00000007e59e0000,0x00000007e59e0000,0x00000007e5d80000)
 ParOldGen       total 60160K, used 13851K [0x00000007a7e00000, 0x00000007ab8c0000, 0x00000007e2a00000)
  object space 60160K, 23% used [0x00000007a7e00000,0x00000007a8b86f38,0x00000007ab8c0000)
 PSPermGen       total 21248K, used 6198K [0x00000007a2c00000, 0x00000007a40c0000, 0x00000007a7e00000)
  object space 21248K, 29% used [0x00000007a2c00000,0x00000007a320d940,0x00000007a40c0000)
Event: 1.777 GC heap after
Heap after GC invocations=2 (full 0):
 PSYoungGen      total 49024K, used 3694K [0x00000007e2a00000, 0x00000007e5d80000, 0x0000000800000000)
  eden space 45312K, 0% used [0x00000007e2a00000,0x00000007e2a00000,0x00000007e5640000)
  from space 3712K, 99% used [0x00000007e59e0000,0x00000007e5d7b8c0,0x00000007e5d80000)
  to   space 3712K, 0% used [0x00000007e5640000,0x00000007e5640000,0x00000007e59e0000)
 ParOldGen       total 60160K, used 34676K [0x00000007a7e00000, 0x00000007ab8c0000, 0x00000007e2a00000)
  object space 60160K, 57% used [0x00000007a7e00000,0x00000007a9fdd360,0x00000007ab8c0000)
 PSPermGen       total 21248K, used 6198K [0x00000007a2c00000, 0x00000007a40c0000, 0x00000007a7e00000)
  object space 21248K, 29% used [0x00000007a2c00000,0x00000007a320d940,0x00000007a40c0000)
}
Event: 2.670 GC heap before
{Heap before GC invocations=3 (full 0):
 PSYoungGen      total 49024K, used 48755K [0x00000007e2a00000, 0x00000007e5d80000, 0x0000000800000000)
  eden space 45312K, 99% used [0x00000007e2a00000,0x00000007e5601708,0x00000007e5640000)
  from space 3712K, 99% used [0x00000007e59e0000,0x00000007e5d7b8c0,0x00000007e5d80000)
  to   space 3712K, 0% used [0x00000007e5640000,0x00000007e5640000,0x00000007e59e0000)
 ParOldGen       total 60160K, used 34676K [0x00000007a7e00000, 0x00000007ab8c0000, 0x00000007e2a00000)
  object space 60160K, 57% used [0x00000007a7e00000,0x00000007a9fdd360,0x00000007ab8c0000)
 PSPermGen       total 21248K, used 6213K [0x00000007a2c00000, 0x00000007a40c0000, 0x00000007a7e00000)
  object space 21248K, 29% used [0x00000007a2c00000,0x00000007a3211668,0x00000007a40c0000)
Event: 2.722 GC heap after
Heap after GC invocations=3 (full 0):
 PSYoungGen      total 49024K, used 3704K [0x00000007e2a00000, 0x00000007e89c0000, 0x0000000800000000)
  eden space 45312K, 0% used [0x00000007e2a00000,0x00000007e2a00000,0x00000007e5640000)
  from space 3712K, 99% used [0x00000007e5640000,0x00000007e59de1a8,0x00000007e59e0000)
  to   space 3712K, 0% used [0x00000007e8620000,0x00000007e8620000,0x00000007e89c0000)
 ParOldGen       total 77440K, used 77353K [0x00000007a7e00000, 0x00000007ac9a0000, 0x00000007e2a00000)
  object space 77440K, 99% used [0x00000007a7e00000,0x00000007ac98a458,0x00000007ac9a0000)
 PSPermGen       total 21248K, used 6213K [0x00000007a2c00000, 0x00000007a40c0000, 0x00000007a7e00000)
  object space 21248K, 29% used [0x00000007a2c00000,0x00000007a3211668,0x00000007a40c0000)
}
Event: 2.722 GC heap before
{Heap before GC invocations=4 (full 1):
 PSYoungGen      total 49024K, used 3704K [0x00000007e2a00000, 0x00000007e89c0000, 0x0000000800000000)
  eden space 45312K, 0% used [0x00000007e2a00000,0x00000007e2a00000,0x00000007e5640000)
  from space 3712K, 99% used [0x00000007e5640000,0x00000007e59de1a8,0x00000007e59e0000)
  to   space 3712K, 0% used [0x00000007e8620000,0x00000007e8620000,0x00000007e89c0000)
 ParOldGen       total 77440K, used 77353K [0x00000007a7e00000, 0x00000007ac9a0000, 0x00000007e2a00000)
  object space 77440K, 99% used [0x00000007a7e00000,0x00000007ac98a458,0x00000007ac9a0000)
 PSPermGen       total 21248K, used 6213K [0x00000007a2c00000, 0x00000007a40c0000, 0x00000007a7e00000)
  object space 21248K, 29% used [0x00000007a2c00000,0x00000007a3211668,0x00000007a40c0000)
Event: 2.809 GC heap after
Heap after GC invocations=4 (full 1):
 PSYoungGen      total 49024K, used 3521K [0x00000007e2a00000, 0x00000007e89c0000, 0x0000000800000000)
  eden space 45312K, 0% used [0x00000007e2a00000,0x00000007e2a00000,0x00000007e5640000)
  from space 3712K, 94% used [0x00000007e5640000,0x00000007e59b05e0,0x00000007e59e0000)
  to   space 3712K, 0% used [0x00000007e8620000,0x00000007e8620000,0x00000007e89c0000)
 ParOldGen       total 155584K, used 77438K [0x00000007a7e00000, 0x00000007b15f0000, 0x00000007e2a00000)
  object space 155584K, 49% used [0x00000007a7e00000,0x00000007ac99fb50,0x00000007b15f0000)
 PSPermGen       total 21248K, used 6210K [0x00000007a2c00000, 0x00000007a40c0000, 0x00000007a7e00000)
  object space 21248K, 29% used [0x00000007a2c00000,0x00000007a3210ac8,0x00000007a40c0000)
}

