# JRE version: 7.0_04-b21
# Java VM: Java HotSpot(TM) 64-Bit Server VM (23.0-b21 mixed mode bsd-amd64 compressed oops)
Heap
 PSYoungGen      total 49024K, used 38725K [0x00000007e2960000, 0x00000007e8920000, 0x0000000800000000)
  eden space 45312K, 77% used [0x00000007e2960000,0x00000007e4b9e4c0,0x00000007e55a0000)
  from space 3712K, 98% used [0x00000007e55a0000,0x00000007e5933178,0x00000007e5940000)
  to   space 3712K, 0% used [0x00000007e8580000,0x00000007e8580000,0x00000007e8920000)
 ParOldGen       total 154432K, used 77406K [0x00000007a7c00000, 0x00000007b12d0000, 0x00000007e2960000)
  object space 154432K, 50% used [0x00000007a7c00000,0x00000007ac797810,0x00000007b12d0000)
 PSPermGen       total 21248K, used 11491K [0x00000007a2a00000, 0x00000007a3ec0000, 0x00000007a7c00000)
  object space 21248K, 54% used [0x00000007a2a00000,0x00000007a3538f78,0x00000007a3ec0000)
GC Heap History (8 events):
Event: 0.962 GC heap before
{Heap before GC invocations=1 (full 0):
 PSYoungGen      total 26368K, used 22481K [0x00000007e2960000, 0x00000007e46c0000, 0x0000000800000000)
  eden space 22656K, 99% used [0x00000007e2960000,0x00000007e3f54750,0x00000007e3f80000)
  from space 3712K, 0% used [0x00000007e4320000,0x00000007e4320000,0x00000007e46c0000)
  to   space 3712K, 0% used [0x00000007e3f80000,0x00000007e3f80000,0x00000007e4320000)
 ParOldGen       total 60288K, used 0K [0x00000007a7c00000, 0x00000007ab6e0000, 0x00000007e2960000)
  object space 60288K, 0% used [0x00000007a7c00000,0x00000007a7c00000,0x00000007ab6e0000)
 PSPermGen       total 21248K, used 5536K [0x00000007a2a00000, 0x00000007a3ec0000, 0x00000007a7c00000)
  object space 21248K, 26% used [0x00000007a2a00000,0x00000007a2f68270,0x00000007a3ec0000)
Event: 0.983 GC heap after
Heap after GC invocations=1 (full 0):
 PSYoungGen      total 26368K, used 3697K [0x00000007e2960000, 0x00000007e5ce0000, 0x0000000800000000)
  eden space 22656K, 0% used [0x00000007e2960000,0x00000007e2960000,0x00000007e3f80000)
  from space 3712K, 99% used [0x00000007e3f80000,0x00000007e431c590,0x00000007e4320000)
  to   space 3712K, 0% used [0x00000007e5940000,0x00000007e5940000,0x00000007e5ce0000)
 ParOldGen       total 60288K, used 13927K [0x00000007a7c00000, 0x00000007ab6e0000, 0x00000007e2960000)
  object space 60288K, 23% used [0x00000007a7c00000,0x00000007a8999e88,0x00000007ab6e0000)
 PSPermGen       total 21248K, used 5536K [0x00000007a2a00000, 0x00000007a3ec0000, 0x00000007a7c00000)
  object space 21248K, 26% used [0x00000007a2a00000,0x00000007a2f68270,0x00000007a3ec0000)
}
Event: 1.436 GC heap before
{Heap before GC invocations=2 (full 0):
 PSYoungGen      total 26368K, used 26105K [0x00000007e2960000, 0x00000007e5ce0000, 0x0000000800000000)
  eden space 22656K, 98% used [0x00000007e2960000,0x00000007e3f41fa8,0x00000007e3f80000)
  from space 3712K, 99% used [0x00000007e3f80000,0x00000007e431c590,0x00000007e4320000)
  to   space 3712K, 0% used [0x00000007e5940000,0x00000007e5940000,0x00000007e5ce0000)
 ParOldGen       total 60288K, used 13927K [0x00000007a7c00000, 0x00000007ab6e0000, 0x00000007e2960000)
  object space 60288K, 23% used [0x00000007a7c00000,0x00000007a8999e88,0x00000007ab6e0000)
 PSPermGen       total 21248K, used 5541K [0x00000007a2a00000, 0x00000007a3ec0000, 0x00000007a7c00000)
  object space 21248K, 26% used [0x00000007a2a00000,0x00000007a2f69488,0x00000007a3ec0000)
Event: 1.464 GC heap after
Heap after GC invocations=2 (full 0):
 PSYoungGen      total 49024K, used 3711K [0x00000007e2960000, 0x00000007e5ce0000, 0x0000000800000000)
  eden space 45312K, 0% used [0x00000007e2960000,0x00000007e2960000,0x00000007e55a0000)
  from space 3712K, 99% used [0x00000007e5940000,0x00000007e5cdffa8,0x00000007e5ce0000)
  to   space 3712K, 0% used [0x00000007e55a0000,0x00000007e55a0000,0x00000007e5940000)
 ParOldGen       total 60288K, used 34748K [0x00000007a7c00000, 0x00000007ab6e0000, 0x00000007e2960000)
  object space 60288K, 57% used [0x00000007a7c00000,0x00000007a9def0f8,0x00000007ab6e0000)
 PSPermGen       total 21248K, used 5541K [0x00000007a2a00000, 0x00000007a3ec0000, 0x00000007a7c00000)
  object space 21248K, 26% used [0x00000007a2a00000,0x00000007a2f69488,0x00000007a3ec0000)
}
Event: 2.351 GC heap before
{Heap before GC invocations=3 (full 0):
 PSYoungGen      total 49024K, used 48786K [0x00000007e2960000, 0x00000007e5ce0000, 0x0000000800000000)
  eden space 45312K, 99% used [0x00000007e2960000,0x00000007e5564a18,0x00000007e55a0000)
  from space 3712K, 99% used [0x00000007e5940000,0x00000007e5cdffa8,0x00000007e5ce0000)
  to   space 3712K, 0% used [0x00000007e55a0000,0x00000007e55a0000,0x00000007e5940000)
 ParOldGen       total 60288K, used 34748K [0x00000007a7c00000, 0x00000007ab6e0000, 0x00000007e2960000)
  object space 60288K, 57% used [0x00000007a7c00000,0x00000007a9def0f8,0x00000007ab6e0000)
 PSPermGen       total 21248K, used 5554K [0x00000007a2a00000, 0x00000007a3ec0000, 0x00000007a7c00000)
  object space 21248K, 26% used [0x00000007a2a00000,0x00000007a2f6ca18,0x00000007a3ec0000)
Event: 2.403 GC heap after
Heap after GC invocations=3 (full 0):
 PSYoungGen      total 49024K, used 3711K [0x00000007e2960000, 0x00000007e8920000, 0x0000000800000000)
  eden space 45312K, 0% used [0x00000007e2960000,0x00000007e2960000,0x00000007e55a0000)
  from space 3712K, 99% used [0x00000007e55a0000,0x00000007e593ffa8,0x00000007e5940000)
  to   space 3712K, 0% used [0x00000007e8580000,0x00000007e8580000,0x00000007e8920000)
 ParOldGen       total 77568K, used 77470K [0x00000007a7c00000, 0x00000007ac7c0000, 0x00000007e2960000)
  object space 77568K, 99% used [0x00000007a7c00000,0x00000007ac7a7938,0x00000007ac7c0000)
 PSPermGen       total 21248K, used 5554K [0x00000007a2a00000, 0x00000007a3ec0000, 0x00000007a7c00000)
  object space 21248K, 26% used [0x00000007a2a00000,0x00000007a2f6ca18,0x00000007a3ec0000)
}
Event: 2.403 GC heap before
{Heap before GC invocations=4 (full 1):
 PSYoungGen      total 49024K, used 3711K [0x00000007e2960000, 0x00000007e8920000, 0x0000000800000000)
  eden space 45312K, 0% used [0x00000007e2960000,0x00000007e2960000,0x00000007e55a0000)
  from space 3712K, 99% used [0x00000007e55a0000,0x00000007e593ffa8,0x00000007e5940000)
  to   space 3712K, 0% used [0x00000007e8580000,0x00000007e8580000,0x00000007e8920000)
 ParOldGen       total 77568K, used 77470K [0x00000007a7c00000, 0x00000007ac7c0000, 0x00000007e2960000)
  object space 77568K, 99% used [0x00000007a7c00000,0x00000007ac7a7938,0x00000007ac7c0000)
 PSPermGen       total 21248K, used 5554K [0x00000007a2a00000, 0x00000007a3ec0000, 0x00000007a7c00000)
  object space 21248K, 26% used [0x00000007a2a00000,0x00000007a2f6ca18,0x00000007a3ec0000)
Event: 2.466 GC heap after
Heap after GC invocations=4 (full 1):
 PSYoungGen      total 49024K, used 3660K [0x00000007e2960000, 0x00000007e8920000, 0x0000000800000000)
  eden space 45312K, 0% used [0x00000007e2960000,0x00000007e2960000,0x00000007e55a0000)
  from space 3712K, 98% used [0x00000007e55a0000,0x00000007e5933178,0x00000007e5940000)
  to   space 3712K, 0% used [0x00000007e8580000,0x00000007e8580000,0x00000007e8920000)
 ParOldGen       total 154432K, used 77406K [0x00000007a7c00000, 0x00000007b12d0000, 0x00000007e2960000)
  object space 154432K, 50% used [0x00000007a7c00000,0x00000007ac797810,0x00000007b12d0000)
 PSPermGen       total 21248K, used 5551K [0x00000007a2a00000, 0x00000007a3ec0000, 0x00000007a7c00000)
  object space 21248K, 26% used [0x00000007a2a00000,0x00000007a2f6be78,0x00000007a3ec0000)
}

