# JRE version: 7.0_04-b21
# Java VM: Java HotSpot(TM) 64-Bit Server VM (23.0-b21 mixed mode bsd-amd64 compressed oops)
Heap
 PSYoungGen      total 48896K, used 28784K [0x00000007e2a00000, 0x00000007e8980000, 0x0000000800000000)
  eden space 45184K, 57% used [0x00000007e2a00000,0x00000007e433d0d0,0x00000007e5620000)
  from space 3712K, 79% used [0x00000007e5620000,0x00000007e58ff188,0x00000007e59c0000)
  to   space 3712K, 0% used [0x00000007e85e0000,0x00000007e85e0000,0x00000007e8980000)
 ParOldGen       total 148480K, used 78012K [0x00000007a7e00000, 0x00000007b0f00000, 0x00000007e2a00000)
  object space 148480K, 52% used [0x00000007a7e00000,0x00000007aca2f158,0x00000007b0f00000)
 PSPermGen       total 21248K, used 11323K [0x00000007a2c00000, 0x00000007a40c0000, 0x00000007a7e00000)
  object space 21248K, 53% used [0x00000007a2c00000,0x00000007a370ede8,0x00000007a40c0000)
GC Heap History (8 events):
Event: 1.733 GC heap before
{Heap before GC invocations=1 (full 0):
 PSYoungGen      total 26304K, used 22364K [0x00000007e2a00000, 0x00000007e4750000, 0x0000000800000000)
  eden space 22592K, 98% used [0x00000007e2a00000,0x00000007e3fd7310,0x00000007e4010000)
  from space 3712K, 0% used [0x00000007e43b0000,0x00000007e43b0000,0x00000007e4750000)
  to   space 3712K, 0% used [0x00000007e4010000,0x00000007e4010000,0x00000007e43b0000)
 ParOldGen       total 60160K, used 0K [0x00000007a7e00000, 0x00000007ab8c0000, 0x00000007e2a00000)
  object space 60160K, 0% used [0x00000007a7e00000,0x00000007a7e00000,0x00000007ab8c0000)
 PSPermGen       total 21248K, used 6188K [0x00000007a2c00000, 0x00000007a40c0000, 0x00000007a7e00000)
  object space 21248K, 29% used [0x00000007a2c00000,0x00000007a320b1b0,0x00000007a40c0000)
Event: 2.444 GC heap after
Heap after GC invocations=1 (full 0):
 PSYoungGen      total 26304K, used 3704K [0x00000007e2a00000, 0x00000007e5d60000, 0x0000000800000000)
  eden space 22592K, 0% used [0x00000007e2a00000,0x00000007e2a00000,0x00000007e4010000)
  from space 3712K, 99% used [0x00000007e4010000,0x00000007e43ae018,0x00000007e43b0000)
  to   space 3712K, 0% used [0x00000007e59c0000,0x00000007e59c0000,0x00000007e5d60000)
 ParOldGen       total 60160K, used 13857K [0x00000007a7e00000, 0x00000007ab8c0000, 0x00000007e2a00000)
  object space 60160K, 23% used [0x00000007a7e00000,0x00000007a8b887b0,0x00000007ab8c0000)
 PSPermGen       total 21248K, used 6188K [0x00000007a2c00000, 0x00000007a40c0000, 0x00000007a7e00000)
  object space 21248K, 29% used [0x00000007a2c00000,0x00000007a320b1b0,0x00000007a40c0000)
}
Event: 3.649 GC heap before
{Heap before GC invocations=2 (full 0):
 PSYoungGen      total 26304K, used 26094K [0x00000007e2a00000, 0x00000007e5d60000, 0x0000000800000000)
  eden space 22592K, 99% used [0x00000007e2a00000,0x00000007e3fdd7e8,0x00000007e4010000)
  from space 3712K, 99% used [0x00000007e4010000,0x00000007e43ae018,0x00000007e43b0000)
  to   space 3712K, 0% used [0x00000007e59c0000,0x00000007e59c0000,0x00000007e5d60000)
 ParOldGen       total 60160K, used 13857K [0x00000007a7e00000, 0x00000007ab8c0000, 0x00000007e2a00000)
  object space 60160K, 23% used [0x00000007a7e00000,0x00000007a8b887b0,0x00000007ab8c0000)
 PSPermGen       total 21248K, used 6193K [0x00000007a2c00000, 0x00000007a40c0000, 0x00000007a7e00000)
  object space 21248K, 29% used [0x00000007a2c00000,0x00000007a320c6a8,0x00000007a40c0000)
Event: 4.376 GC heap after
Heap after GC invocations=2 (full 0):
 PSYoungGen      total 48896K, used 3711K [0x00000007e2a00000, 0x00000007e5d60000, 0x0000000800000000)
  eden space 45184K, 0% used [0x00000007e2a00000,0x00000007e2a00000,0x00000007e5620000)
  from space 3712K, 99% used [0x00000007e59c0000,0x00000007e5d5fe60,0x00000007e5d60000)
  to   space 3712K, 0% used [0x00000007e5620000,0x00000007e5620000,0x00000007e59c0000)
 ParOldGen       total 60160K, used 34651K [0x00000007a7e00000, 0x00000007ab8c0000, 0x00000007e2a00000)
  object space 60160K, 57% used [0x00000007a7e00000,0x00000007a9fd6cf0,0x00000007ab8c0000)
 PSPermGen       total 21248K, used 6193K [0x00000007a2c00000, 0x00000007a40c0000, 0x00000007a7e00000)
  object space 21248K, 29% used [0x00000007a2c00000,0x00000007a320c6a8,0x00000007a40c0000)
}
Event: 6.839 GC heap before
{Heap before GC invocations=3 (full 0):
 PSYoungGen      total 48896K, used 48752K [0x00000007e2a00000, 0x00000007e5d60000, 0x0000000800000000)
  eden space 45184K, 99% used [0x00000007e2a00000,0x00000007e55fc440,0x00000007e5620000)
  from space 3712K, 99% used [0x00000007e59c0000,0x00000007e5d5fe60,0x00000007e5d60000)
  to   space 3712K, 0% used [0x00000007e5620000,0x00000007e5620000,0x00000007e59c0000)
 ParOldGen       total 60160K, used 34651K [0x00000007a7e00000, 0x00000007ab8c0000, 0x00000007e2a00000)
  object space 60160K, 57% used [0x00000007a7e00000,0x00000007a9fd6cf0,0x00000007ab8c0000)
 PSPermGen       total 21248K, used 6208K [0x00000007a2c00000, 0x00000007a40c0000, 0x00000007a7e00000)
  object space 21248K, 29% used [0x00000007a2c00000,0x00000007a32103d0,0x00000007a40c0000)
Event: 8.988 GC heap after
Heap after GC invocations=3 (full 0):
 PSYoungGen      total 48896K, used 3313K [0x00000007e2a00000, 0x00000007e8980000, 0x0000000800000000)
  eden space 45184K, 0% used [0x00000007e2a00000,0x00000007e2a00000,0x00000007e5620000)
  from space 3712K, 89% used [0x00000007e5620000,0x00000007e595c428,0x00000007e59c0000)
  to   space 3712K, 0% used [0x00000007e85e0000,0x00000007e85e0000,0x00000007e8980000)
 ParOldGen       total 78016K, used 77824K [0x00000007a7e00000, 0x00000007aca30000, 0x00000007e2a00000)
  object space 78016K, 99% used [0x00000007a7e00000,0x00000007aca001f8,0x00000007aca30000)
 PSPermGen       total 21248K, used 6208K [0x00000007a2c00000, 0x00000007a40c0000, 0x00000007a7e00000)
  object space 21248K, 29% used [0x00000007a2c00000,0x00000007a32103d0,0x00000007a40c0000)
}
Event: 8.988 GC heap before
{Heap before GC invocations=4 (full 1):
 PSYoungGen      total 48896K, used 3313K [0x00000007e2a00000, 0x00000007e8980000, 0x0000000800000000)
  eden space 45184K, 0% used [0x00000007e2a00000,0x00000007e2a00000,0x00000007e5620000)
  from space 3712K, 89% used [0x00000007e5620000,0x00000007e595c428,0x00000007e59c0000)
  to   space 3712K, 0% used [0x00000007e85e0000,0x00000007e85e0000,0x00000007e8980000)
 ParOldGen       total 78016K, used 77824K [0x00000007a7e00000, 0x00000007aca30000, 0x00000007e2a00000)
  object space 78016K, 99% used [0x00000007a7e00000,0x00000007aca001f8,0x00000007aca30000)
 PSPermGen       total 21248K, used 6208K [0x00000007a2c00000, 0x00000007a40c0000, 0x00000007a7e00000)
  object space 21248K, 29% used [0x00000007a2c00000,0x00000007a32103d0,0x00000007a40c0000)
Event: 9.205 GC heap after
Heap after GC invocations=4 (full 1):
 PSYoungGen      total 48896K, used 2940K [0x00000007e2a00000, 0x00000007e8980000, 0x0000000800000000)
  eden space 45184K, 0% used [0x00000007e2a00000,0x00000007e2a00000,0x00000007e5620000)
  from space 3712K, 79% used [0x00000007e5620000,0x00000007e58ff188,0x00000007e59c0000)
  to   space 3712K, 0% used [0x00000007e85e0000,0x00000007e85e0000,0x00000007e8980000)
 ParOldGen       total 148480K, used 78012K [0x00000007a7e00000, 0x00000007b0f00000, 0x00000007e2a00000)
  object space 148480K, 52% used [0x00000007a7e00000,0x00000007aca2f158,0x00000007b0f00000)
 PSPermGen       total 21248K, used 6206K [0x00000007a2c00000, 0x00000007a40c0000, 0x00000007a7e00000)
  object space 21248K, 29% used [0x00000007a2c00000,0x00000007a320f850,0x00000007a40c0000)
}

