# JRE version: 7.0_04-b21
# Java VM: Java HotSpot(TM) 64-Bit Server VM (23.0-b21 mixed mode bsd-amd64 compressed oops)
Heap
 PSYoungGen      total 41728K, used 38079K [0x00000007e2800000, 0x00000007e5b50000, 0x0000000800000000)
  eden space 38336K, 90% used [0x00000007e2800000,0x00000007e49ea5c0,0x00000007e4d70000)
  from space 3392K, 98% used [0x00000007e5800000,0x00000007e5b45808,0x00000007e5b50000)
  to   space 3712K, 0% used [0x00000007e5410000,0x00000007e5410000,0x00000007e57b0000)
 ParOldGen       total 114112K, used 77569K [0x00000007a7800000, 0x00000007ae770000, 0x00000007e2800000)
  object space 114112K, 67% used [0x00000007a7800000,0x00000007ac3c05c0,0x00000007ae770000)
 PSPermGen       total 21248K, used 11671K [0x00000007a2600000, 0x00000007a3ac0000, 0x00000007a7800000)
  object space 21248K, 54% used [0x00000007a2600000,0x00000007a3165ed8,0x00000007a3ac0000)
GC Heap History (10 events):
Event: 3.441 GC heap before
{Heap before GC invocations=1 (full 0):
 PSYoungGen      total 26432K, used 22460K [0x00000007e2800000, 0x00000007e4570000, 0x0000000800000000)
  eden space 22720K, 98% used [0x00000007e2800000,0x00000007e3def198,0x00000007e3e30000)
  from space 3712K, 0% used [0x00000007e41d0000,0x00000007e41d0000,0x00000007e4570000)
  to   space 3712K, 0% used [0x00000007e3e30000,0x00000007e3e30000,0x00000007e41d0000)
 ParOldGen       total 60416K, used 0K [0x00000007a7800000, 0x00000007ab300000, 0x00000007e2800000)
  object space 60416K, 0% used [0x00000007a7800000,0x00000007a7800000,0x00000007ab300000)
 PSPermGen       total 21248K, used 6409K [0x00000007a2600000, 0x00000007a3ac0000, 0x00000007a7800000)
  object space 21248K, 30% used [0x00000007a2600000,0x00000007a2c425c0,0x00000007a3ac0000)
Event: 3.462 GC heap after
Heap after GC invocations=1 (full 0):
 PSYoungGen      total 26432K, used 3692K [0x00000007e2800000, 0x00000007e4570000, 0x0000000800000000)
  eden space 22720K, 0% used [0x00000007e2800000,0x00000007e2800000,0x00000007e3e30000)
  from space 3712K, 99% used [0x00000007e3e30000,0x00000007e41cb130,0x00000007e41d0000)
  to   space 3712K, 0% used [0x00000007e41d0000,0x00000007e41d0000,0x00000007e4570000)
 ParOldGen       total 60416K, used 13725K [0x00000007a7800000, 0x00000007ab300000, 0x00000007e2800000)
  object space 60416K, 22% used [0x00000007a7800000,0x00000007a8567740,0x00000007ab300000)
 PSPermGen       total 21248K, used 6409K [0x00000007a2600000, 0x00000007a3ac0000, 0x00000007a7800000)
  object space 21248K, 30% used [0x00000007a2600000,0x00000007a2c425c0,0x00000007a3ac0000)
}
Event: 4.143 GC heap before
{Heap before GC invocations=2 (full 0):
 PSYoungGen      total 26432K, used 26137K [0x00000007e2800000, 0x00000007e4570000, 0x0000000800000000)
  eden space 22720K, 98% used [0x00000007e2800000,0x00000007e3deb5b8,0x00000007e3e30000)
  from space 3712K, 99% used [0x00000007e3e30000,0x00000007e41cb130,0x00000007e41d0000)
  to   space 3712K, 0% used [0x00000007e41d0000,0x00000007e41d0000,0x00000007e4570000)
 ParOldGen       total 60416K, used 13725K [0x00000007a7800000, 0x00000007ab300000, 0x00000007e2800000)
  object space 60416K, 22% used [0x00000007a7800000,0x00000007a8567740,0x00000007ab300000)
 PSPermGen       total 21248K, used 6414K [0x00000007a2600000, 0x00000007a3ac0000, 0x00000007a7800000)
  object space 21248K, 30% used [0x00000007a2600000,0x00000007a2c43878,0x00000007a3ac0000)
Event: 4.172 GC heap after
Heap after GC invocations=2 (full 0):
 PSYoungGen      total 26432K, used 3708K [0x00000007e2800000, 0x00000007e5ba0000, 0x0000000800000000)
  eden space 22720K, 0% used [0x00000007e2800000,0x00000007e2800000,0x00000007e3e30000)
  from space 3712K, 99% used [0x00000007e41d0000,0x00000007e456f350,0x00000007e4570000)
  to   space 3712K, 0% used [0x00000007e3e30000,0x00000007e3e30000,0x00000007e41d0000)
 ParOldGen       total 60416K, used 34538K [0x00000007a7800000, 0x00000007ab300000, 0x00000007e2800000)
  object space 60416K, 57% used [0x00000007a7800000,0x00000007a99baba8,0x00000007ab300000)
 PSPermGen       total 21248K, used 6414K [0x00000007a2600000, 0x00000007a3ac0000, 0x00000007a7800000)
  object space 21248K, 30% used [0x00000007a2600000,0x00000007a2c43878,0x00000007a3ac0000)
}
Event: 4.709 GC heap before
{Heap before GC invocations=3 (full 0):
 PSYoungGen      total 26432K, used 25959K [0x00000007e2800000, 0x00000007e5ba0000, 0x0000000800000000)
  eden space 22720K, 97% used [0x00000007e2800000,0x00000007e3dbaba8,0x00000007e3e30000)
  from space 3712K, 99% used [0x00000007e41d0000,0x00000007e456f350,0x00000007e4570000)
  to   space 3712K, 0% used [0x00000007e3e30000,0x00000007e3e30000,0x00000007e41d0000)
 ParOldGen       total 60416K, used 34538K [0x00000007a7800000, 0x00000007ab300000, 0x00000007e2800000)
  object space 60416K, 57% used [0x00000007a7800000,0x00000007a99baba8,0x00000007ab300000)
 PSPermGen       total 21248K, used 6421K [0x00000007a2600000, 0x00000007a3ac0000, 0x00000007a7800000)
  object space 21248K, 30% used [0x00000007a2600000,0x00000007a2c45690,0x00000007a3ac0000)
Event: 4.737 GC heap after
Heap after GC invocations=3 (full 0):
 PSYoungGen      total 26432K, used 3700K [0x00000007e2800000, 0x00000007e5ba0000, 0x0000000800000000)
  eden space 22720K, 0% used [0x00000007e2800000,0x00000007e2800000,0x00000007e3e30000)
  from space 3712K, 99% used [0x00000007e3e30000,0x00000007e41cd088,0x00000007e41d0000)
  to   space 3712K, 0% used [0x00000007e5800000,0x00000007e5800000,0x00000007e5ba0000)
 ParOldGen       total 60416K, used 55750K [0x00000007a7800000, 0x00000007ab300000, 0x00000007e2800000)
  object space 60416K, 92% used [0x00000007a7800000,0x00000007aae718d0,0x00000007ab300000)
 PSPermGen       total 21248K, used 6421K [0x00000007a2600000, 0x00000007a3ac0000, 0x00000007a7800000)
  object space 21248K, 30% used [0x00000007a2600000,0x00000007a2c45690,0x00000007a3ac0000)
}
Event: 4.737 GC heap before
{Heap before GC invocations=4 (full 1):
 PSYoungGen      total 26432K, used 3700K [0x00000007e2800000, 0x00000007e5ba0000, 0x0000000800000000)
  eden space 22720K, 0% used [0x00000007e2800000,0x00000007e2800000,0x00000007e3e30000)
  from space 3712K, 99% used [0x00000007e3e30000,0x00000007e41cd088,0x00000007e41d0000)
  to   space 3712K, 0% used [0x00000007e5800000,0x00000007e5800000,0x00000007e5ba0000)
 ParOldGen       total 60416K, used 55750K [0x00000007a7800000, 0x00000007ab300000, 0x00000007e2800000)
  object space 60416K, 92% used [0x00000007a7800000,0x00000007aae718d0,0x00000007ab300000)
 PSPermGen       total 21248K, used 6421K [0x00000007a2600000, 0x00000007a3ac0000, 0x00000007a7800000)
  object space 21248K, 30% used [0x00000007a2600000,0x00000007a2c45690,0x00000007a3ac0000)
Event: 4.808 GC heap after
Heap after GC invocations=4 (full 1):
 PSYoungGen      total 26432K, used 0K [0x00000007e2800000, 0x00000007e5ba0000, 0x0000000800000000)
  eden space 22720K, 0% used [0x00000007e2800000,0x00000007e2800000,0x00000007e3e30000)
  from space 3712K, 0% used [0x00000007e3e30000,0x00000007e3e30000,0x00000007e41d0000)
  to   space 3712K, 0% used [0x00000007e5800000,0x00000007e5800000,0x00000007e5ba0000)
 ParOldGen       total 114112K, used 59353K [0x00000007a7800000, 0x00000007ae770000, 0x00000007e2800000)
  object space 114112K, 52% used [0x00000007a7800000,0x00000007ab1f6710,0x00000007ae770000)
 PSPermGen       total 21248K, used 6418K [0x00000007a2600000, 0x00000007a3ac0000, 0x00000007a7800000)
  object space 21248K, 30% used [0x00000007a2600000,0x00000007a2c44a50,0x00000007a3ac0000)
}
Event: 5.420 GC heap before
{Heap before GC invocations=5 (full 1):
 PSYoungGen      total 26432K, used 22640K [0x00000007e2800000, 0x00000007e5ba0000, 0x0000000800000000)
  eden space 22720K, 99% used [0x00000007e2800000,0x00000007e3e1c2a8,0x00000007e3e30000)
  from space 3712K, 0% used [0x00000007e3e30000,0x00000007e3e30000,0x00000007e41d0000)
  to   space 3712K, 0% used [0x00000007e5800000,0x00000007e5800000,0x00000007e5ba0000)
 ParOldGen       total 114112K, used 59353K [0x00000007a7800000, 0x00000007ae770000, 0x00000007e2800000)
  object space 114112K, 52% used [0x00000007a7800000,0x00000007ab1f6710,0x00000007ae770000)
 PSPermGen       total 21248K, used 6422K [0x00000007a2600000, 0x00000007a3ac0000, 0x00000007a7800000)
  object space 21248K, 30% used [0x00000007a2600000,0x00000007a2c45b10,0x00000007a3ac0000)
Event: 5.443 GC heap after
Heap after GC invocations=5 (full 1):
 PSYoungGen      total 41728K, used 3350K [0x00000007e2800000, 0x00000007e5b50000, 0x0000000800000000)
  eden space 38336K, 0% used [0x00000007e2800000,0x00000007e2800000,0x00000007e4d70000)
  from space 3392K, 98% used [0x00000007e5800000,0x00000007e5b45808,0x00000007e5b50000)
  to   space 3712K, 0% used [0x00000007e5410000,0x00000007e5410000,0x00000007e57b0000)
 ParOldGen       total 114112K, used 77569K [0x00000007a7800000, 0x00000007ae770000, 0x00000007e2800000)
  object space 114112K, 67% used [0x00000007a7800000,0x00000007ac3c05c0,0x00000007ae770000)
 PSPermGen       total 21248K, used 6422K [0x00000007a2600000, 0x00000007a3ac0000, 0x00000007a7800000)
  object space 21248K, 30% used [0x00000007a2600000,0x00000007a2c45b10,0x00000007a3ac0000)
}

