# JRE version: 7.0_04-b21
# Java VM: Java HotSpot(TM) 64-Bit Server VM (23.0-b21 mixed mode bsd-amd64 compressed oops)
Heap
 PSYoungGen      total 49152K, used 29444K [0x0000000144680000, 0x000000014a680000, 0x0000000161dd0000)
  eden space 45440K, 57% used [0x0000000144680000,0x0000000145fe3020,0x00000001472e0000)
  from space 3712K, 92% used [0x00000001472e0000,0x000000014763e0d0,0x0000000147680000)
  to   space 3712K, 0% used [0x000000014a2e0000,0x000000014a2e0000,0x000000014a680000)
 ParOldGen       total 155968K, used 77512K [0x00000001097d0000, 0x0000000113020000, 0x0000000144680000)
  object space 155968K, 49% used [0x00000001097d0000,0x000000010e382060,0x0000000113020000)
 PSPermGen       total 21248K, used 11207K [0x00000001045d0000, 0x0000000105a90000, 0x00000001097d0000)
  object space 21248K, 52% used [0x00000001045d0000,0x00000001050c1e98,0x0000000105a90000)
GC Heap History (8 events):
Event: 1.109 GC heap before
{Heap before GC invocations=1 (full 0):
 PSYoungGen      total 26432K, used 22419K [0x0000000144680000, 0x00000001463f0000, 0x0000000161dd0000)
  eden space 22720K, 98% used [0x0000000144680000,0x0000000145c64cd8,0x0000000145cb0000)
  from space 3712K, 0% used [0x0000000146050000,0x0000000146050000,0x00000001463f0000)
  to   space 3712K, 0% used [0x0000000145cb0000,0x0000000145cb0000,0x0000000146050000)
 ParOldGen       total 60352K, used 0K [0x00000001097d0000, 0x000000010d2c0000, 0x0000000144680000)
  object space 60352K, 0% used [0x00000001097d0000,0x00000001097d0000,0x000000010d2c0000)
 PSPermGen       total 21248K, used 6192K [0x00000001045d0000, 0x0000000105a90000, 0x00000001097d0000)
  object space 21248K, 29% used [0x00000001045d0000,0x0000000104bdc120,0x0000000105a90000)
Event: 1.132 GC heap after
Heap after GC invocations=1 (full 0):
 PSYoungGen      total 26432K, used 3710K [0x0000000144680000, 0x0000000147a20000, 0x0000000161dd0000)
  eden space 22720K, 0% used [0x0000000144680000,0x0000000144680000,0x0000000145cb0000)
  from space 3712K, 99% used [0x0000000145cb0000,0x000000014604f890,0x0000000146050000)
  to   space 3712K, 0% used [0x0000000147680000,0x0000000147680000,0x0000000147a20000)
 ParOldGen       total 60352K, used 13859K [0x00000001097d0000, 0x000000010d2c0000, 0x0000000144680000)
  object space 60352K, 22% used [0x00000001097d0000,0x000000010a558f38,0x000000010d2c0000)
 PSPermGen       total 21248K, used 6192K [0x00000001045d0000, 0x0000000105a90000, 0x00000001097d0000)
  object space 21248K, 29% used [0x00000001045d0000,0x0000000104bdc120,0x0000000105a90000)
}
Event: 1.578 GC heap before
{Heap before GC invocations=2 (full 0):
 PSYoungGen      total 26432K, used 26129K [0x0000000144680000, 0x0000000147a20000, 0x0000000161dd0000)
  eden space 22720K, 98% used [0x0000000144680000,0x0000000145c64f68,0x0000000145cb0000)
  from space 3712K, 99% used [0x0000000145cb0000,0x000000014604f890,0x0000000146050000)
  to   space 3712K, 0% used [0x0000000147680000,0x0000000147680000,0x0000000147a20000)
 ParOldGen       total 60352K, used 13859K [0x00000001097d0000, 0x000000010d2c0000, 0x0000000144680000)
  object space 60352K, 22% used [0x00000001097d0000,0x000000010a558f38,0x000000010d2c0000)
 PSPermGen       total 21248K, used 6197K [0x00000001045d0000, 0x0000000105a90000, 0x00000001097d0000)
  object space 21248K, 29% used [0x00000001045d0000,0x0000000104bdd618,0x0000000105a90000)
Event: 1.605 GC heap after
Heap after GC invocations=2 (full 0):
 PSYoungGen      total 49152K, used 3701K [0x0000000144680000, 0x0000000147a20000, 0x0000000161dd0000)
  eden space 45440K, 0% used [0x0000000144680000,0x0000000144680000,0x00000001472e0000)
  from space 3712K, 99% used [0x0000000147680000,0x0000000147a1d7f0,0x0000000147a20000)
  to   space 3712K, 0% used [0x00000001472e0000,0x00000001472e0000,0x0000000147680000)
 ParOldGen       total 60352K, used 34676K [0x00000001097d0000, 0x000000010d2c0000, 0x0000000144680000)
  object space 60352K, 57% used [0x00000001097d0000,0x000000010b9ad360,0x000000010d2c0000)
 PSPermGen       total 21248K, used 6197K [0x00000001045d0000, 0x0000000105a90000, 0x00000001097d0000)
  object space 21248K, 29% used [0x00000001045d0000,0x0000000104bdd618,0x0000000105a90000)
}
Event: 2.491 GC heap before
{Heap before GC invocations=3 (full 0):
 PSYoungGen      total 49152K, used 48767K [0x0000000144680000, 0x0000000147a20000, 0x0000000161dd0000)
  eden space 45440K, 99% used [0x0000000144680000,0x0000000147282600,0x00000001472e0000)
  from space 3712K, 99% used [0x0000000147680000,0x0000000147a1d7f0,0x0000000147a20000)
  to   space 3712K, 0% used [0x00000001472e0000,0x00000001472e0000,0x0000000147680000)
 ParOldGen       total 60352K, used 34676K [0x00000001097d0000, 0x000000010d2c0000, 0x0000000144680000)
  object space 60352K, 57% used [0x00000001097d0000,0x000000010b9ad360,0x000000010d2c0000)
 PSPermGen       total 21248K, used 6212K [0x00000001045d0000, 0x0000000105a90000, 0x00000001097d0000)
  object space 21248K, 29% used [0x00000001045d0000,0x0000000104be1340,0x0000000105a90000)
Event: 2.542 GC heap after
Heap after GC invocations=3 (full 0):
 PSYoungGen      total 49152K, used 3701K [0x0000000144680000, 0x000000014a680000, 0x0000000161dd0000)
  eden space 45440K, 0% used [0x0000000144680000,0x0000000144680000,0x00000001472e0000)
  from space 3712K, 99% used [0x00000001472e0000,0x000000014767d7f0,0x0000000147680000)
  to   space 3712K, 0% used [0x000000014a2e0000,0x000000014a2e0000,0x000000014a680000)
 ParOldGen       total 77632K, used 77355K [0x00000001097d0000, 0x000000010e3a0000, 0x0000000144680000)
  object space 77632K, 99% used [0x00000001097d0000,0x000000010e35ae20,0x000000010e3a0000)
 PSPermGen       total 21248K, used 6212K [0x00000001045d0000, 0x0000000105a90000, 0x00000001097d0000)
  object space 21248K, 29% used [0x00000001045d0000,0x0000000104be1340,0x0000000105a90000)
}
Event: 2.542 GC heap before
{Heap before GC invocations=4 (full 1):
 PSYoungGen      total 49152K, used 3701K [0x0000000144680000, 0x000000014a680000, 0x0000000161dd0000)
  eden space 45440K, 0% used [0x0000000144680000,0x0000000144680000,0x00000001472e0000)
  from space 3712K, 99% used [0x00000001472e0000,0x000000014767d7f0,0x0000000147680000)
  to   space 3712K, 0% used [0x000000014a2e0000,0x000000014a2e0000,0x000000014a680000)
 ParOldGen       total 77632K, used 77355K [0x00000001097d0000, 0x000000010e3a0000, 0x0000000144680000)
  object space 77632K, 99% used [0x00000001097d0000,0x000000010e35ae20,0x000000010e3a0000)
 PSPermGen       total 21248K, used 6212K [0x00000001045d0000, 0x0000000105a90000, 0x00000001097d0000)
  object space 21248K, 29% used [0x00000001045d0000,0x0000000104be1340,0x0000000105a90000)
Event: 2.629 GC heap after
Heap after GC invocations=4 (full 1):
 PSYoungGen      total 49152K, used 3448K [0x0000000144680000, 0x000000014a680000, 0x0000000161dd0000)
  eden space 45440K, 0% used [0x0000000144680000,0x0000000144680000,0x00000001472e0000)
  from space 3712K, 92% used [0x00000001472e0000,0x000000014763e0d0,0x0000000147680000)
  to   space 3712K, 0% used [0x000000014a2e0000,0x000000014a2e0000,0x000000014a680000)
 ParOldGen       total 155968K, used 77512K [0x00000001097d0000, 0x0000000113020000, 0x0000000144680000)
  object space 155968K, 49% used [0x00000001097d0000,0x000000010e382060,0x0000000113020000)
 PSPermGen       total 21248K, used 6209K [0x00000001045d0000, 0x0000000105a90000, 0x00000001097d0000)
  object space 21248K, 29% used [0x00000001045d0000,0x0000000104be07c0,0x0000000105a90000)
}

