# JRE version: 7.0_04-b21
# Java VM: Java HotSpot(TM) 64-Bit Server VM (23.0-b21 mixed mode bsd-amd64 compressed oops)
Heap
 PSYoungGen      total 48896K, used 30779K [0x000000014bb00000, 0x0000000151a80000, 0x0000000169050000)
  eden space 45184K, 60% used [0x000000014bb00000,0x000000014d5a3b40,0x000000014e720000)
  from space 3712K, 94% used [0x000000014e720000,0x000000014ea8b140,0x000000014eac0000)
  to   space 3712K, 0% used [0x00000001516e0000,0x00000001516e0000,0x0000000151a80000)
 ParOldGen       total 153600K, used 77459K [0x0000000111050000, 0x000000011a650000, 0x000000014bb00000)
  object space 153600K, 50% used [0x0000000111050000,0x0000000115bf4ff0,0x000000011a650000)
 PSPermGen       total 21248K, used 11511K [0x000000010be50000, 0x000000010d310000, 0x0000000111050000)
  object space 21248K, 54% used [0x000000010be50000,0x000000010c98dee0,0x000000010d310000)
GC Heap History (8 events):
Event: 1.074 GC heap before
{Heap before GC invocations=1 (full 0):
 PSYoungGen      total 26304K, used 22364K [0x000000014bb00000, 0x000000014d850000, 0x0000000169050000)
  eden space 22592K, 98% used [0x000000014bb00000,0x000000014d0d7258,0x000000014d110000)
  from space 3712K, 0% used [0x000000014d4b0000,0x000000014d4b0000,0x000000014d850000)
  to   space 3712K, 0% used [0x000000014d110000,0x000000014d110000,0x000000014d4b0000)
 ParOldGen       total 60032K, used 0K [0x0000000111050000, 0x0000000114af0000, 0x000000014bb00000)
  object space 60032K, 0% used [0x0000000111050000,0x0000000111050000,0x0000000114af0000)
 PSPermGen       total 21248K, used 6193K [0x000000010be50000, 0x000000010d310000, 0x0000000111050000)
  object space 21248K, 29% used [0x000000010be50000,0x000000010c45c470,0x000000010d310000)
Event: 1.098 GC heap after
Heap after GC invocations=1 (full 0):
 PSYoungGen      total 26304K, used 3694K [0x000000014bb00000, 0x000000014ee60000, 0x0000000169050000)
  eden space 22592K, 0% used [0x000000014bb00000,0x000000014bb00000,0x000000014d110000)
  from space 3712K, 99% used [0x000000014d110000,0x000000014d4ab978,0x000000014d4b0000)
  to   space 3712K, 0% used [0x000000014eac0000,0x000000014eac0000,0x000000014ee60000)
 ParOldGen       total 60032K, used 13867K [0x0000000111050000, 0x0000000114af0000, 0x000000014bb00000)
  object space 60032K, 23% used [0x0000000111050000,0x0000000111ddae50,0x0000000114af0000)
 PSPermGen       total 21248K, used 6193K [0x000000010be50000, 0x000000010d310000, 0x0000000111050000)
  object space 21248K, 29% used [0x000000010be50000,0x000000010c45c470,0x000000010d310000)
}
Event: 1.545 GC heap before
{Heap before GC invocations=2 (full 0):
 PSYoungGen      total 26304K, used 26084K [0x000000014bb00000, 0x000000014ee60000, 0x0000000169050000)
  eden space 22592K, 99% used [0x000000014bb00000,0x000000014d0dd7e8,0x000000014d110000)
  from space 3712K, 99% used [0x000000014d110000,0x000000014d4ab978,0x000000014d4b0000)
  to   space 3712K, 0% used [0x000000014eac0000,0x000000014eac0000,0x000000014ee60000)
 ParOldGen       total 60032K, used 13867K [0x0000000111050000, 0x0000000114af0000, 0x000000014bb00000)
  object space 60032K, 23% used [0x0000000111050000,0x0000000111ddae50,0x0000000114af0000)
 PSPermGen       total 21248K, used 6198K [0x000000010be50000, 0x000000010d310000, 0x0000000111050000)
  object space 21248K, 29% used [0x000000010be50000,0x000000010c45d968,0x000000010d310000)
Event: 1.575 GC heap after
Heap after GC invocations=2 (full 0):
 PSYoungGen      total 48896K, used 3688K [0x000000014bb00000, 0x000000014ee60000, 0x0000000169050000)
  eden space 45184K, 0% used [0x000000014bb00000,0x000000014bb00000,0x000000014e720000)
  from space 3712K, 99% used [0x000000014eac0000,0x000000014ee5a3b8,0x000000014ee60000)
  to   space 3712K, 0% used [0x000000014e720000,0x000000014e720000,0x000000014eac0000)
 ParOldGen       total 60032K, used 34665K [0x0000000111050000, 0x0000000114af0000, 0x000000014bb00000)
  object space 60032K, 57% used [0x0000000111050000,0x000000011322a7a8,0x0000000114af0000)
 PSPermGen       total 21248K, used 6198K [0x000000010be50000, 0x000000010d310000, 0x0000000111050000)
  object space 21248K, 29% used [0x000000010be50000,0x000000010c45d968,0x000000010d310000)
}
Event: 2.458 GC heap before
{Heap before GC invocations=3 (full 0):
 PSYoungGen      total 48896K, used 48729K [0x000000014bb00000, 0x000000014ee60000, 0x0000000169050000)
  eden space 45184K, 99% used [0x000000014bb00000,0x000000014e6fc440,0x000000014e720000)
  from space 3712K, 99% used [0x000000014eac0000,0x000000014ee5a3b8,0x000000014ee60000)
  to   space 3712K, 0% used [0x000000014e720000,0x000000014e720000,0x000000014eac0000)
 ParOldGen       total 60032K, used 34665K [0x0000000111050000, 0x0000000114af0000, 0x000000014bb00000)
  object space 60032K, 57% used [0x0000000111050000,0x000000011322a7a8,0x0000000114af0000)
 PSPermGen       total 21248K, used 6213K [0x000000010be50000, 0x000000010d310000, 0x0000000111050000)
  object space 21248K, 29% used [0x000000010be50000,0x000000010c461690,0x000000010d310000)
Event: 2.548 GC heap after
Heap after GC invocations=3 (full 0):
 PSYoungGen      total 48896K, used 3704K [0x000000014bb00000, 0x0000000151a80000, 0x0000000169050000)
  eden space 45184K, 0% used [0x000000014bb00000,0x000000014bb00000,0x000000014e720000)
  from space 3712K, 99% used [0x000000014e720000,0x000000014eabe3a8,0x000000014eac0000)
  to   space 3712K, 0% used [0x00000001516e0000,0x00000001516e0000,0x0000000151a80000)
 ParOldGen       total 77888K, used 77376K [0x0000000111050000, 0x0000000115c60000, 0x000000014bb00000)
  object space 77888K, 99% used [0x0000000111050000,0x0000000115be0268,0x0000000115c60000)
 PSPermGen       total 21248K, used 6213K [0x000000010be50000, 0x000000010d310000, 0x0000000111050000)
  object space 21248K, 29% used [0x000000010be50000,0x000000010c461690,0x000000010d310000)
}
Event: 2.548 GC heap before
{Heap before GC invocations=4 (full 1):
 PSYoungGen      total 48896K, used 3704K [0x000000014bb00000, 0x0000000151a80000, 0x0000000169050000)
  eden space 45184K, 0% used [0x000000014bb00000,0x000000014bb00000,0x000000014e720000)
  from space 3712K, 99% used [0x000000014e720000,0x000000014eabe3a8,0x000000014eac0000)
  to   space 3712K, 0% used [0x00000001516e0000,0x00000001516e0000,0x0000000151a80000)
 ParOldGen       total 77888K, used 77376K [0x0000000111050000, 0x0000000115c60000, 0x000000014bb00000)
  object space 77888K, 99% used [0x0000000111050000,0x0000000115be0268,0x0000000115c60000)
 PSPermGen       total 21248K, used 6213K [0x000000010be50000, 0x000000010d310000, 0x0000000111050000)
  object space 21248K, 29% used [0x000000010be50000,0x000000010c461690,0x000000010d310000)
Event: 2.625 GC heap after
Heap after GC invocations=4 (full 1):
 PSYoungGen      total 48896K, used 3500K [0x000000014bb00000, 0x0000000151a80000, 0x0000000169050000)
  eden space 45184K, 0% used [0x000000014bb00000,0x000000014bb00000,0x000000014e720000)
  from space 3712K, 94% used [0x000000014e720000,0x000000014ea8b140,0x000000014eac0000)
  to   space 3712K, 0% used [0x00000001516e0000,0x00000001516e0000,0x0000000151a80000)
 ParOldGen       total 153600K, used 77459K [0x0000000111050000, 0x000000011a650000, 0x000000014bb00000)
  object space 153600K, 50% used [0x0000000111050000,0x0000000115bf4ff0,0x000000011a650000)
 PSPermGen       total 21248K, used 6210K [0x000000010be50000, 0x000000010d310000, 0x0000000111050000)
  object space 21248K, 29% used [0x000000010be50000,0x000000010c460ad0,0x000000010d310000)
}

