# JRE version: 7.0_04-b21
# Java VM: Java HotSpot(TM) 64-Bit Server VM (23.0-b21 mixed mode bsd-amd64 compressed oops)
Heap
 PSYoungGen      total 49024K, used 33648K [0x000000014d130000, 0x00000001530f0000, 0x000000016a7d0000)
  eden space 45312K, 66% used [0x000000014d130000,0x000000014eea2730,0x000000014fd70000)
  from space 3712K, 94% used [0x000000014fd70000,0x00000001500d9b80,0x0000000150110000)
  to   space 3712K, 0% used [0x0000000152d50000,0x0000000152d50000,0x00000001530f0000)
 ParOldGen       total 155136K, used 77382K [0x00000001123d0000, 0x000000011bb50000, 0x000000014d130000)
  object space 155136K, 49% used [0x00000001123d0000,0x0000000116f61810,0x000000011bb50000)
 PSPermGen       total 21248K, used 11494K [0x000000010d1d0000, 0x000000010e690000, 0x00000001123d0000)
  object space 21248K, 54% used [0x000000010d1d0000,0x000000010dd09bd8,0x000000010e690000)
GC Heap History (8 events):
Event: 1.203 GC heap before
{Heap before GC invocations=1 (full 0):
 PSYoungGen      total 26368K, used 22440K [0x000000014d130000, 0x000000014ee90000, 0x000000016a7d0000)
  eden space 22656K, 99% used [0x000000014d130000,0x000000014e71a1b8,0x000000014e750000)
  from space 3712K, 0% used [0x000000014eaf0000,0x000000014eaf0000,0x000000014ee90000)
  to   space 3712K, 0% used [0x000000014e750000,0x000000014e750000,0x000000014eaf0000)
 ParOldGen       total 60288K, used 0K [0x00000001123d0000, 0x0000000115eb0000, 0x000000014d130000)
  object space 60288K, 0% used [0x00000001123d0000,0x00000001123d0000,0x0000000115eb0000)
 PSPermGen       total 21248K, used 6411K [0x000000010d1d0000, 0x000000010e690000, 0x00000001123d0000)
  object space 21248K, 30% used [0x000000010d1d0000,0x000000010d812ee8,0x000000010e690000)
Event: 1.224 GC heap after
Heap after GC invocations=1 (full 0):
 PSYoungGen      total 26368K, used 3688K [0x000000014d130000, 0x00000001504b0000, 0x000000016a7d0000)
  eden space 22656K, 0% used [0x000000014d130000,0x000000014d130000,0x000000014e750000)
  from space 3712K, 99% used [0x000000014e750000,0x000000014eaea2f0,0x000000014eaf0000)
  to   space 3712K, 0% used [0x0000000150110000,0x0000000150110000,0x00000001504b0000)
 ParOldGen       total 60288K, used 13729K [0x00000001123d0000, 0x0000000115eb0000, 0x000000014d130000)
  object space 60288K, 22% used [0x00000001123d0000,0x0000000113138580,0x0000000115eb0000)
 PSPermGen       total 21248K, used 6411K [0x000000010d1d0000, 0x000000010e690000, 0x00000001123d0000)
  object space 21248K, 30% used [0x000000010d1d0000,0x000000010d812ee8,0x000000010e690000)
}
Event: 1.676 GC heap before
{Heap before GC invocations=2 (full 0):
 PSYoungGen      total 26368K, used 26128K [0x000000014d130000, 0x00000001504b0000, 0x000000016a7d0000)
  eden space 22656K, 99% used [0x000000014d130000,0x000000014e719e48,0x000000014e750000)
  from space 3712K, 99% used [0x000000014e750000,0x000000014eaea2f0,0x000000014eaf0000)
  to   space 3712K, 0% used [0x0000000150110000,0x0000000150110000,0x00000001504b0000)
 ParOldGen       total 60288K, used 13729K [0x00000001123d0000, 0x0000000115eb0000, 0x000000014d130000)
  object space 60288K, 22% used [0x00000001123d0000,0x0000000113138580,0x0000000115eb0000)
 PSPermGen       total 21248K, used 6416K [0x000000010d1d0000, 0x000000010e690000, 0x00000001123d0000)
  object space 21248K, 30% used [0x000000010d1d0000,0x000000010d8141a0,0x000000010e690000)
Event: 1.709 GC heap after
Heap after GC invocations=2 (full 0):
 PSYoungGen      total 49024K, used 3707K [0x000000014d130000, 0x00000001504b0000, 0x000000016a7d0000)
  eden space 45312K, 0% used [0x000000014d130000,0x000000014d130000,0x000000014fd70000)
  from space 3712K, 99% used [0x0000000150110000,0x00000001504aee28,0x00000001504b0000)
  to   space 3712K, 0% used [0x000000014fd70000,0x000000014fd70000,0x0000000150110000)
 ParOldGen       total 60288K, used 34540K [0x00000001123d0000, 0x0000000115eb0000, 0x000000014d130000)
  object space 60288K, 57% used [0x00000001123d0000,0x000000011458b0d0,0x0000000115eb0000)
 PSPermGen       total 21248K, used 6416K [0x000000010d1d0000, 0x000000010e690000, 0x00000001123d0000)
  object space 21248K, 30% used [0x000000010d1d0000,0x000000010d8141a0,0x000000010e690000)
}
Event: 2.588 GC heap before
{Heap before GC invocations=3 (full 0):
 PSYoungGen      total 49024K, used 48879K [0x000000014d130000, 0x00000001504b0000, 0x000000016a7d0000)
  eden space 45312K, 99% used [0x000000014d130000,0x000000014fd4cec8,0x000000014fd70000)
  from space 3712K, 99% used [0x0000000150110000,0x00000001504aee28,0x00000001504b0000)
  to   space 3712K, 0% used [0x000000014fd70000,0x000000014fd70000,0x0000000150110000)
 ParOldGen       total 60288K, used 34540K [0x00000001123d0000, 0x0000000115eb0000, 0x000000014d130000)
  object space 60288K, 57% used [0x00000001123d0000,0x000000011458b0d0,0x0000000115eb0000)
 PSPermGen       total 21248K, used 6428K [0x000000010d1d0000, 0x000000010e690000, 0x00000001123d0000)
  object space 21248K, 30% used [0x000000010d1d0000,0x000000010d817078,0x000000010e690000)
Event: 2.640 GC heap after
Heap after GC invocations=3 (full 0):
 PSYoungGen      total 49024K, used 3705K [0x000000014d130000, 0x00000001530f0000, 0x000000016a7d0000)
  eden space 45312K, 0% used [0x000000014d130000,0x000000014d130000,0x000000014fd70000)
  from space 3712K, 99% used [0x000000014fd70000,0x000000015010e4f8,0x0000000150110000)
  to   space 3712K, 0% used [0x0000000152d50000,0x0000000152d50000,0x00000001530f0000)
 ParOldGen       total 77568K, used 77254K [0x00000001123d0000, 0x0000000116f90000, 0x000000014d130000)
  object space 77568K, 99% used [0x00000001123d0000,0x0000000116f41b18,0x0000000116f90000)
 PSPermGen       total 21248K, used 6428K [0x000000010d1d0000, 0x000000010e690000, 0x00000001123d0000)
  object space 21248K, 30% used [0x000000010d1d0000,0x000000010d817078,0x000000010e690000)
}
Event: 2.640 GC heap before
{Heap before GC invocations=4 (full 1):
 PSYoungGen      total 49024K, used 3705K [0x000000014d130000, 0x00000001530f0000, 0x000000016a7d0000)
  eden space 45312K, 0% used [0x000000014d130000,0x000000014d130000,0x000000014fd70000)
  from space 3712K, 99% used [0x000000014fd70000,0x000000015010e4f8,0x0000000150110000)
  to   space 3712K, 0% used [0x0000000152d50000,0x0000000152d50000,0x00000001530f0000)
 ParOldGen       total 77568K, used 77254K [0x00000001123d0000, 0x0000000116f90000, 0x000000014d130000)
  object space 77568K, 99% used [0x00000001123d0000,0x0000000116f41b18,0x0000000116f90000)
 PSPermGen       total 21248K, used 6428K [0x000000010d1d0000, 0x000000010e690000, 0x00000001123d0000)
  object space 21248K, 30% used [0x000000010d1d0000,0x000000010d817078,0x000000010e690000)
Event: 2.724 GC heap after
Heap after GC invocations=4 (full 1):
 PSYoungGen      total 49024K, used 3494K [0x000000014d130000, 0x00000001530f0000, 0x000000016a7d0000)
  eden space 45312K, 0% used [0x000000014d130000,0x000000014d130000,0x000000014fd70000)
  from space 3712K, 94% used [0x000000014fd70000,0x00000001500d9b80,0x0000000150110000)
  to   space 3712K, 0% used [0x0000000152d50000,0x0000000152d50000,0x00000001530f0000)
 ParOldGen       total 155136K, used 77382K [0x00000001123d0000, 0x000000011bb50000, 0x000000014d130000)
  object space 155136K, 49% used [0x00000001123d0000,0x0000000116f61810,0x000000011bb50000)
 PSPermGen       total 21248K, used 6425K [0x000000010d1d0000, 0x000000010e690000, 0x00000001123d0000)
  object space 21248K, 30% used [0x000000010d1d0000,0x000000010d816478,0x000000010e690000)
}

