# JRE version: 7.0_04-b21
# Java VM: Java HotSpot(TM) 64-Bit Server VM (23.0-b21 mixed mode bsd-amd64 compressed oops)
Heap
 PSYoungGen      total 49152K, used 33974K [0x00000007e28b0000, 0x00000007e88b0000, 0x0000000800000000)
  eden space 45440K, 67% used [0x00000007e28b0000,0x00000007e4675990,0x00000007e5510000)
  from space 3712K, 93% used [0x00000007e5510000,0x00000007e5877f88,0x00000007e58b0000)
  to   space 3712K, 0% used [0x00000007e8510000,0x00000007e8510000,0x00000007e88b0000)
 ParOldGen       total 155520K, used 77389K [0x00000007a7a00000, 0x00000007b11e0000, 0x00000007e28b0000)
  object space 155520K, 49% used [0x00000007a7a00000,0x00000007ac593408,0x00000007b11e0000)
 PSPermGen       total 21248K, used 11269K [0x00000007a2800000, 0x00000007a3cc0000, 0x00000007a7a00000)
  object space 21248K, 53% used [0x00000007a2800000,0x00000007a3301728,0x00000007a3cc0000)
GC Heap History (8 events):
Event: 1.104 GC heap before
{Heap before GC invocations=1 (full 0):
 PSYoungGen      total 26432K, used 22485K [0x00000007e28b0000, 0x00000007e4620000, 0x0000000800000000)
  eden space 22720K, 98% used [0x00000007e28b0000,0x00000007e3ea5478,0x00000007e3ee0000)
  from space 3712K, 0% used [0x00000007e4280000,0x00000007e4280000,0x00000007e4620000)
  to   space 3712K, 0% used [0x00000007e3ee0000,0x00000007e3ee0000,0x00000007e4280000)
 ParOldGen       total 60288K, used 0K [0x00000007a7a00000, 0x00000007ab4e0000, 0x00000007e28b0000)
  object space 60288K, 0% used [0x00000007a7a00000,0x00000007a7a00000,0x00000007ab4e0000)
 PSPermGen       total 21248K, used 6413K [0x00000007a2800000, 0x00000007a3cc0000, 0x00000007a7a00000)
  object space 21248K, 30% used [0x00000007a2800000,0x00000007a2e43550,0x00000007a3cc0000)
Event: 1.125 GC heap after
Heap after GC invocations=1 (full 0):
 PSYoungGen      total 26432K, used 3687K [0x00000007e28b0000, 0x00000007e5c50000, 0x0000000800000000)
  eden space 22720K, 0% used [0x00000007e28b0000,0x00000007e28b0000,0x00000007e3ee0000)
  from space 3712K, 99% used [0x00000007e3ee0000,0x00000007e4279ce8,0x00000007e4280000)
  to   space 3712K, 0% used [0x00000007e58b0000,0x00000007e58b0000,0x00000007e5c50000)
 ParOldGen       total 60288K, used 13730K [0x00000007a7a00000, 0x00000007ab4e0000, 0x00000007e28b0000)
  object space 60288K, 22% used [0x00000007a7a00000,0x00000007a8768b88,0x00000007ab4e0000)
 PSPermGen       total 21248K, used 6413K [0x00000007a2800000, 0x00000007a3cc0000, 0x00000007a7a00000)
  object space 21248K, 30% used [0x00000007a2800000,0x00000007a2e43550,0x00000007a3cc0000)
}
Event: 1.577 GC heap before
{Heap before GC invocations=2 (full 0):
 PSYoungGen      total 26432K, used 26132K [0x00000007e28b0000, 0x00000007e5c50000, 0x0000000800000000)
  eden space 22720K, 98% used [0x00000007e28b0000,0x00000007e3e9b398,0x00000007e3ee0000)
  from space 3712K, 99% used [0x00000007e3ee0000,0x00000007e4279ce8,0x00000007e4280000)
  to   space 3712K, 0% used [0x00000007e58b0000,0x00000007e58b0000,0x00000007e5c50000)
 ParOldGen       total 60288K, used 13730K [0x00000007a7a00000, 0x00000007ab4e0000, 0x00000007e28b0000)
  object space 60288K, 22% used [0x00000007a7a00000,0x00000007a8768b88,0x00000007ab4e0000)
 PSPermGen       total 21248K, used 6418K [0x00000007a2800000, 0x00000007a3cc0000, 0x00000007a7a00000)
  object space 21248K, 30% used [0x00000007a2800000,0x00000007a2e44828,0x00000007a3cc0000)
Event: 1.605 GC heap after
Heap after GC invocations=2 (full 0):
 PSYoungGen      total 49152K, used 3688K [0x00000007e28b0000, 0x00000007e5c50000, 0x0000000800000000)
  eden space 45440K, 0% used [0x00000007e28b0000,0x00000007e28b0000,0x00000007e5510000)
  from space 3712K, 99% used [0x00000007e58b0000,0x00000007e5c4a2d8,0x00000007e5c50000)
  to   space 3712K, 0% used [0x00000007e5510000,0x00000007e5510000,0x00000007e58b0000)
 ParOldGen       total 60288K, used 34567K [0x00000007a7a00000, 0x00000007ab4e0000, 0x00000007e28b0000)
  object space 60288K, 57% used [0x00000007a7a00000,0x00000007a9bc1c10,0x00000007ab4e0000)
 PSPermGen       total 21248K, used 6418K [0x00000007a2800000, 0x00000007a3cc0000, 0x00000007a7a00000)
  object space 21248K, 30% used [0x00000007a2800000,0x00000007a2e44828,0x00000007a3cc0000)
}
Event: 2.505 GC heap before
{Heap before GC invocations=3 (full 0):
 PSYoungGen      total 49152K, used 48868K [0x00000007e28b0000, 0x00000007e5c50000, 0x0000000800000000)
  eden space 45440K, 99% used [0x00000007e28b0000,0x00000007e54cef48,0x00000007e5510000)
  from space 3712K, 99% used [0x00000007e58b0000,0x00000007e5c4a2d8,0x00000007e5c50000)
  to   space 3712K, 0% used [0x00000007e5510000,0x00000007e5510000,0x00000007e58b0000)
 ParOldGen       total 60288K, used 34567K [0x00000007a7a00000, 0x00000007ab4e0000, 0x00000007e28b0000)
  object space 60288K, 57% used [0x00000007a7a00000,0x00000007a9bc1c10,0x00000007ab4e0000)
 PSPermGen       total 21248K, used 6429K [0x00000007a2800000, 0x00000007a3cc0000, 0x00000007a7a00000)
  object space 21248K, 30% used [0x00000007a2800000,0x00000007a2e47700,0x00000007a3cc0000)
Event: 2.566 GC heap after
Heap after GC invocations=3 (full 0):
 PSYoungGen      total 49152K, used 3688K [0x00000007e28b0000, 0x00000007e88b0000, 0x0000000800000000)
  eden space 45440K, 0% used [0x00000007e28b0000,0x00000007e28b0000,0x00000007e5510000)
  from space 3712K, 99% used [0x00000007e5510000,0x00000007e58aa2d8,0x00000007e58b0000)
  to   space 3712K, 0% used [0x00000007e8510000,0x00000007e8510000,0x00000007e88b0000)
 ParOldGen       total 77568K, used 77287K [0x00000007a7a00000, 0x00000007ac5c0000, 0x00000007e28b0000)
  object space 77568K, 99% used [0x00000007a7a00000,0x00000007ac579d28,0x00000007ac5c0000)
 PSPermGen       total 21248K, used 6429K [0x00000007a2800000, 0x00000007a3cc0000, 0x00000007a7a00000)
  object space 21248K, 30% used [0x00000007a2800000,0x00000007a2e47700,0x00000007a3cc0000)
}
Event: 2.566 GC heap before
{Heap before GC invocations=4 (full 1):
 PSYoungGen      total 49152K, used 3688K [0x00000007e28b0000, 0x00000007e88b0000, 0x0000000800000000)
  eden space 45440K, 0% used [0x00000007e28b0000,0x00000007e28b0000,0x00000007e5510000)
  from space 3712K, 99% used [0x00000007e5510000,0x00000007e58aa2d8,0x00000007e58b0000)
  to   space 3712K, 0% used [0x00000007e8510000,0x00000007e8510000,0x00000007e88b0000)
 ParOldGen       total 77568K, used 77287K [0x00000007a7a00000, 0x00000007ac5c0000, 0x00000007e28b0000)
  object space 77568K, 99% used [0x00000007a7a00000,0x00000007ac579d28,0x00000007ac5c0000)
 PSPermGen       total 21248K, used 6429K [0x00000007a2800000, 0x00000007a3cc0000, 0x00000007a7a00000)
  object space 21248K, 30% used [0x00000007a2800000,0x00000007a2e47700,0x00000007a3cc0000)
Event: 2.651 GC heap after
Heap after GC invocations=4 (full 1):
 PSYoungGen      total 49152K, used 3487K [0x00000007e28b0000, 0x00000007e88b0000, 0x0000000800000000)
  eden space 45440K, 0% used [0x00000007e28b0000,0x00000007e28b0000,0x00000007e5510000)
  from space 3712K, 93% used [0x00000007e5510000,0x00000007e5877f88,0x00000007e58b0000)
  to   space 3712K, 0% used [0x00000007e8510000,0x00000007e8510000,0x00000007e88b0000)
 ParOldGen       total 155520K, used 77389K [0x00000007a7a00000, 0x00000007b11e0000, 0x00000007e28b0000)
  object space 155520K, 49% used [0x00000007a7a00000,0x00000007ac593408,0x00000007b11e0000)
 PSPermGen       total 21248K, used 6426K [0x00000007a2800000, 0x00000007a3cc0000, 0x00000007a7a00000)
  object space 21248K, 30% used [0x00000007a2800000,0x00000007a2e46b20,0x00000007a3cc0000)
}

