# JRE version: 7.0_04-b21
# Java VM: Java HotSpot(TM) 64-Bit Server VM (23.0-b21 mixed mode bsd-amd64 compressed oops)
Heap
 PSYoungGen      total 49600K, used 32457K [0x0000000148a10000, 0x000000014eaf0000, 0x0000000166610000)
  eden space 45824K, 63% used [0x0000000148a10000,0x000000014a64a648,0x000000014b6d0000)
  from space 3776K, 94% used [0x000000014b6d0000,0x000000014ba47e30,0x000000014ba80000)
  to   space 3776K, 0% used [0x000000014e740000,0x000000014e740000,0x000000014eaf0000)
 ParOldGen       total 156992K, used 78471K [0x000000010d210000, 0x0000000116b60000, 0x0000000148a10000)
  object space 156992K, 49% used [0x000000010d210000,0x0000000111eb1dd0,0x0000000116b60000)
 PSPermGen       total 21248K, used 11476K [0x0000000108010000, 0x00000001094d0000, 0x000000010d210000)
  object space 21248K, 54% used [0x0000000108010000,0x0000000108b45118,0x00000001094d0000)
GC Heap History (8 events):
Event: 1.354 GC heap before
{Heap before GC invocations=1 (full 0):
 PSYoungGen      total 26688K, used 22807K [0x0000000148a10000, 0x000000014a7d0000, 0x0000000166610000)
  eden space 22912K, 99% used [0x0000000148a10000,0x000000014a055dd8,0x000000014a070000)
  from space 3776K, 0% used [0x000000014a420000,0x000000014a420000,0x000000014a7d0000)
  to   space 3776K, 0% used [0x000000014a070000,0x000000014a070000,0x000000014a420000)
 ParOldGen       total 60928K, used 0K [0x000000010d210000, 0x0000000110d90000, 0x0000000148a10000)
  object space 60928K, 0% used [0x000000010d210000,0x000000010d210000,0x0000000110d90000)
 PSPermGen       total 21248K, used 6192K [0x0000000108010000, 0x00000001094d0000, 0x000000010d210000)
  object space 21248K, 29% used [0x0000000108010000,0x000000010861c258,0x00000001094d0000)
Event: 1.375 GC heap after
Heap after GC invocations=1 (full 0):
 PSYoungGen      total 26688K, used 3774K [0x0000000148a10000, 0x000000014be30000, 0x0000000166610000)
  eden space 22912K, 0% used [0x0000000148a10000,0x0000000148a10000,0x000000014a070000)
  from space 3776K, 99% used [0x000000014a070000,0x000000014a41f890,0x000000014a420000)
  to   space 3776K, 0% used [0x000000014ba80000,0x000000014ba80000,0x000000014be30000)
 ParOldGen       total 60928K, used 14343K [0x000000010d210000, 0x0000000110d90000, 0x0000000148a10000)
  object space 60928K, 23% used [0x000000010d210000,0x000000010e011db8,0x0000000110d90000)
 PSPermGen       total 21248K, used 6192K [0x0000000108010000, 0x00000001094d0000, 0x000000010d210000)
  object space 21248K, 29% used [0x0000000108010000,0x000000010861c258,0x00000001094d0000)
}
Event: 1.816 GC heap before
{Heap before GC invocations=2 (full 0):
 PSYoungGen      total 26688K, used 26176K [0x0000000148a10000, 0x000000014be30000, 0x0000000166610000)
  eden space 22912K, 97% used [0x0000000148a10000,0x0000000149ff0a28,0x000000014a070000)
  from space 3776K, 99% used [0x000000014a070000,0x000000014a41f890,0x000000014a420000)
  to   space 3776K, 0% used [0x000000014ba80000,0x000000014ba80000,0x000000014be30000)
 ParOldGen       total 60928K, used 14343K [0x000000010d210000, 0x0000000110d90000, 0x0000000148a10000)
  object space 60928K, 23% used [0x000000010d210000,0x000000010e011db8,0x0000000110d90000)
 PSPermGen       total 21248K, used 6197K [0x0000000108010000, 0x00000001094d0000, 0x000000010d210000)
  object space 21248K, 29% used [0x0000000108010000,0x000000010861d750,0x00000001094d0000)
Event: 1.844 GC heap after
Heap after GC invocations=2 (full 0):
 PSYoungGen      total 49600K, used 3753K [0x0000000148a10000, 0x000000014be30000, 0x0000000166610000)
  eden space 45824K, 0% used [0x0000000148a10000,0x0000000148a10000,0x000000014b6d0000)
  from space 3776K, 99% used [0x000000014ba80000,0x000000014be2a750,0x000000014be30000)
  to   space 3776K, 0% used [0x000000014b6d0000,0x000000014b6d0000,0x000000014ba80000)
 ParOldGen       total 60928K, used 35169K [0x000000010d210000, 0x0000000110d90000, 0x0000000148a10000)
  object space 60928K, 57% used [0x000000010d210000,0x000000010f468708,0x0000000110d90000)
 PSPermGen       total 21248K, used 6197K [0x0000000108010000, 0x00000001094d0000, 0x000000010d210000)
  object space 21248K, 29% used [0x0000000108010000,0x000000010861d750,0x00000001094d0000)
}
Event: 2.737 GC heap before
{Heap before GC invocations=3 (full 0):
 PSYoungGen      total 49600K, used 49286K [0x0000000148a10000, 0x000000014be30000, 0x0000000166610000)
  eden space 45824K, 99% used [0x0000000148a10000,0x000000014b687188,0x000000014b6d0000)
  from space 3776K, 99% used [0x000000014ba80000,0x000000014be2a750,0x000000014be30000)
  to   space 3776K, 0% used [0x000000014b6d0000,0x000000014b6d0000,0x000000014ba80000)
 ParOldGen       total 60928K, used 35169K [0x000000010d210000, 0x0000000110d90000, 0x0000000148a10000)
  object space 60928K, 57% used [0x000000010d210000,0x000000010f468708,0x0000000110d90000)
 PSPermGen       total 21248K, used 6213K [0x0000000108010000, 0x00000001094d0000, 0x000000010d210000)
  object space 21248K, 29% used [0x0000000108010000,0x00000001086215c8,0x00000001094d0000)
Event: 2.788 GC heap after
Heap after GC invocations=3 (full 0):
 PSYoungGen      total 49600K, used 3753K [0x0000000148a10000, 0x000000014eaf0000, 0x0000000166610000)
  eden space 45824K, 0% used [0x0000000148a10000,0x0000000148a10000,0x000000014b6d0000)
  from space 3776K, 99% used [0x000000014b6d0000,0x000000014ba7a750,0x000000014ba80000)
  to   space 3776K, 0% used [0x000000014e740000,0x000000014e740000,0x000000014eaf0000)
 ParOldGen       total 78784K, used 78372K [0x000000010d210000, 0x0000000111f00000, 0x0000000148a10000)
  object space 78784K, 99% used [0x000000010d210000,0x0000000111e99220,0x0000000111f00000)
 PSPermGen       total 21248K, used 6213K [0x0000000108010000, 0x00000001094d0000, 0x000000010d210000)
  object space 21248K, 29% used [0x0000000108010000,0x00000001086215c8,0x00000001094d0000)
}
Event: 2.788 GC heap before
{Heap before GC invocations=4 (full 1):
 PSYoungGen      total 49600K, used 3753K [0x0000000148a10000, 0x000000014eaf0000, 0x0000000166610000)
  eden space 45824K, 0% used [0x0000000148a10000,0x0000000148a10000,0x000000014b6d0000)
  from space 3776K, 99% used [0x000000014b6d0000,0x000000014ba7a750,0x000000014ba80000)
  to   space 3776K, 0% used [0x000000014e740000,0x000000014e740000,0x000000014eaf0000)
 ParOldGen       total 78784K, used 78372K [0x000000010d210000, 0x0000000111f00000, 0x0000000148a10000)
  object space 78784K, 99% used [0x000000010d210000,0x0000000111e99220,0x0000000111f00000)
 PSPermGen       total 21248K, used 6213K [0x0000000108010000, 0x00000001094d0000, 0x000000010d210000)
  object space 21248K, 29% used [0x0000000108010000,0x00000001086215c8,0x00000001094d0000)
Event: 2.871 GC heap after
Heap after GC invocations=4 (full 1):
 PSYoungGen      total 49600K, used 3551K [0x0000000148a10000, 0x000000014eaf0000, 0x0000000166610000)
  eden space 45824K, 0% used [0x0000000148a10000,0x0000000148a10000,0x000000014b6d0000)
  from space 3776K, 94% used [0x000000014b6d0000,0x000000014ba47e30,0x000000014ba80000)
  to   space 3776K, 0% used [0x000000014e740000,0x000000014e740000,0x000000014eaf0000)
 ParOldGen       total 156992K, used 78471K [0x000000010d210000, 0x0000000116b60000, 0x0000000148a10000)
  object space 156992K, 49% used [0x000000010d210000,0x0000000111eb1dd0,0x0000000116b60000)
 PSPermGen       total 21248K, used 6210K [0x0000000108010000, 0x00000001094d0000, 0x000000010d210000)
  object space 21248K, 29% used [0x0000000108010000,0x0000000108620a48,0x00000001094d0000)
}

