# JRE version: 7.0_04-b21
# Java VM: Java HotSpot(TM) 64-Bit Server VM (23.0-b21 mixed mode bsd-amd64 compressed oops)
Heap
 PSYoungGen      total 49152K, used 32521K [0x0000000144160000, 0x000000014a160000, 0x00000001618b0000)
  eden space 45440K, 63% used [0x0000000144160000,0x0000000145dbad68,0x0000000146dc0000)
  from space 3712K, 93% used [0x0000000146dc0000,0x0000000147127a50,0x0000000147160000)
  to   space 3712K, 0% used [0x0000000149dc0000,0x0000000149dc0000,0x000000014a160000)
 ParOldGen       total 155392K, used 77384K [0x00000001092b0000, 0x0000000112a70000, 0x0000000144160000)
  object space 155392K, 49% used [0x00000001092b0000,0x000000010de42028,0x0000000112a70000)
 PSPermGen       total 21248K, used 11458K [0x00000001040b0000, 0x0000000105570000, 0x00000001092b0000)
  object space 21248K, 53% used [0x00000001040b0000,0x0000000104be0880,0x0000000105570000)
GC Heap History (8 events):
Event: 1.149 GC heap before
{Heap before GC invocations=1 (full 0):
 PSYoungGen      total 26432K, used 22451K [0x0000000144160000, 0x0000000145ed0000, 0x00000001618b0000)
  eden space 22720K, 98% used [0x0000000144160000,0x000000014574cc18,0x0000000145790000)
  from space 3712K, 0% used [0x0000000145b30000,0x0000000145b30000,0x0000000145ed0000)
  to   space 3712K, 0% used [0x0000000145790000,0x0000000145790000,0x0000000145b30000)
 ParOldGen       total 60352K, used 0K [0x00000001092b0000, 0x000000010cda0000, 0x0000000144160000)
  object space 60352K, 0% used [0x00000001092b0000,0x00000001092b0000,0x000000010cda0000)
 PSPermGen       total 21248K, used 6405K [0x00000001040b0000, 0x0000000105570000, 0x00000001092b0000)
  object space 21248K, 30% used [0x00000001040b0000,0x00000001046f17f0,0x0000000105570000)
Event: 1.171 GC heap after
Heap after GC invocations=1 (full 0):
 PSYoungGen      total 26432K, used 3710K [0x0000000144160000, 0x0000000147500000, 0x00000001618b0000)
  eden space 22720K, 0% used [0x0000000144160000,0x0000000144160000,0x0000000145790000)
  from space 3712K, 99% used [0x0000000145790000,0x0000000145b2fb78,0x0000000145b30000)
  to   space 3712K, 0% used [0x0000000147160000,0x0000000147160000,0x0000000147500000)
 ParOldGen       total 60352K, used 13707K [0x00000001092b0000, 0x000000010cda0000, 0x0000000144160000)
  object space 60352K, 22% used [0x00000001092b0000,0x000000010a012cf8,0x000000010cda0000)
 PSPermGen       total 21248K, used 6405K [0x00000001040b0000, 0x0000000105570000, 0x00000001092b0000)
  object space 21248K, 30% used [0x00000001040b0000,0x00000001046f17f0,0x0000000105570000)
}
Event: 1.624 GC heap before
{Heap before GC invocations=2 (full 0):
 PSYoungGen      total 26432K, used 26156K [0x0000000144160000, 0x0000000147500000, 0x00000001618b0000)
  eden space 22720K, 98% used [0x0000000144160000,0x000000014574b5f0,0x0000000145790000)
  from space 3712K, 99% used [0x0000000145790000,0x0000000145b2fb78,0x0000000145b30000)
  to   space 3712K, 0% used [0x0000000147160000,0x0000000147160000,0x0000000147500000)
 ParOldGen       total 60352K, used 13707K [0x00000001092b0000, 0x000000010cda0000, 0x0000000144160000)
  object space 60352K, 22% used [0x00000001092b0000,0x000000010a012cf8,0x000000010cda0000)
 PSPermGen       total 21248K, used 6410K [0x00000001040b0000, 0x0000000105570000, 0x00000001092b0000)
  object space 21248K, 30% used [0x00000001040b0000,0x00000001046f2aa8,0x0000000105570000)
Event: 1.652 GC heap after
Heap after GC invocations=2 (full 0):
 PSYoungGen      total 49152K, used 3668K [0x0000000144160000, 0x0000000147500000, 0x00000001618b0000)
  eden space 45440K, 0% used [0x0000000144160000,0x0000000144160000,0x0000000146dc0000)
  from space 3712K, 98% used [0x0000000147160000,0x00000001474f5048,0x0000000147500000)
  to   space 3712K, 0% used [0x0000000146dc0000,0x0000000146dc0000,0x0000000147160000)
 ParOldGen       total 60352K, used 34563K [0x00000001092b0000, 0x000000010cda0000, 0x0000000144160000)
  object space 60352K, 57% used [0x00000001092b0000,0x000000010b470ec0,0x000000010cda0000)
 PSPermGen       total 21248K, used 6410K [0x00000001040b0000, 0x0000000105570000, 0x00000001092b0000)
  object space 21248K, 30% used [0x00000001040b0000,0x00000001046f2aa8,0x0000000105570000)
}
Event: 2.530 GC heap before
{Heap before GC invocations=3 (full 0):
 PSYoungGen      total 49152K, used 48848K [0x0000000144160000, 0x0000000147500000, 0x00000001618b0000)
  eden space 45440K, 99% used [0x0000000144160000,0x0000000146d7f280,0x0000000146dc0000)
  from space 3712K, 98% used [0x0000000147160000,0x00000001474f5048,0x0000000147500000)
  to   space 3712K, 0% used [0x0000000146dc0000,0x0000000146dc0000,0x0000000147160000)
 ParOldGen       total 60352K, used 34563K [0x00000001092b0000, 0x000000010cda0000, 0x0000000144160000)
  object space 60352K, 57% used [0x00000001092b0000,0x000000010b470ec0,0x000000010cda0000)
 PSPermGen       total 21248K, used 6422K [0x00000001040b0000, 0x0000000105570000, 0x00000001092b0000)
  object space 21248K, 30% used [0x00000001040b0000,0x00000001046f5940,0x0000000105570000)
Event: 2.580 GC heap after
Heap after GC invocations=3 (full 0):
 PSYoungGen      total 49152K, used 3700K [0x0000000144160000, 0x000000014a160000, 0x00000001618b0000)
  eden space 45440K, 0% used [0x0000000144160000,0x0000000144160000,0x0000000146dc0000)
  from space 3712K, 99% used [0x0000000146dc0000,0x000000014715d048,0x0000000147160000)
  to   space 3712K, 0% used [0x0000000149dc0000,0x0000000149dc0000,0x000000014a160000)
 ParOldGen       total 77632K, used 77259K [0x00000001092b0000, 0x000000010de80000, 0x0000000144160000)
  object space 77632K, 99% used [0x00000001092b0000,0x000000010de22fd8,0x000000010de80000)
 PSPermGen       total 21248K, used 6422K [0x00000001040b0000, 0x0000000105570000, 0x00000001092b0000)
  object space 21248K, 30% used [0x00000001040b0000,0x00000001046f5940,0x0000000105570000)
}
Event: 2.580 GC heap before
{Heap before GC invocations=4 (full 1):
 PSYoungGen      total 49152K, used 3700K [0x0000000144160000, 0x000000014a160000, 0x00000001618b0000)
  eden space 45440K, 0% used [0x0000000144160000,0x0000000144160000,0x0000000146dc0000)
  from space 3712K, 99% used [0x0000000146dc0000,0x000000014715d048,0x0000000147160000)
  to   space 3712K, 0% used [0x0000000149dc0000,0x0000000149dc0000,0x000000014a160000)
 ParOldGen       total 77632K, used 77259K [0x00000001092b0000, 0x000000010de80000, 0x0000000144160000)
  object space 77632K, 99% used [0x00000001092b0000,0x000000010de22fd8,0x000000010de80000)
 PSPermGen       total 21248K, used 6422K [0x00000001040b0000, 0x0000000105570000, 0x00000001092b0000)
  object space 21248K, 30% used [0x00000001040b0000,0x00000001046f5940,0x0000000105570000)
Event: 2.659 GC heap after
Heap after GC invocations=4 (full 1):
 PSYoungGen      total 49152K, used 3486K [0x0000000144160000, 0x000000014a160000, 0x00000001618b0000)
  eden space 45440K, 0% used [0x0000000144160000,0x0000000144160000,0x0000000146dc0000)
  from space 3712K, 93% used [0x0000000146dc0000,0x0000000147127a50,0x0000000147160000)
  to   space 3712K, 0% used [0x0000000149dc0000,0x0000000149dc0000,0x000000014a160000)
 ParOldGen       total 155392K, used 77384K [0x00000001092b0000, 0x0000000112a70000, 0x0000000144160000)
  object space 155392K, 49% used [0x00000001092b0000,0x000000010de42028,0x0000000112a70000)
 PSPermGen       total 21248K, used 6419K [0x00000001040b0000, 0x0000000105570000, 0x00000001092b0000)
  object space 21248K, 30% used [0x00000001040b0000,0x00000001046f4d20,0x0000000105570000)
}

