# JRE version: 7.0_04-b21
# Java VM: Java HotSpot(TM) 64-Bit Server VM (23.0-b21 mixed mode bsd-amd64 compressed oops)
Heap
 PSYoungGen      total 49088K, used 36619K [0x00000007e2760000, 0x00000007e8740000, 0x0000000800000000)
  eden space 45312K, 73% used [0x00000007e2760000,0x00000007e47d92f0,0x00000007e53a0000)
  from space 3776K, 89% used [0x00000007e53a0000,0x00000007e56e99b0,0x00000007e5750000)
  to   space 3776K, 0% used [0x00000007e8390000,0x00000007e8390000,0x00000007e8740000)
 ParOldGen       total 155456K, used 77510K [0x00000007a7600000, 0x00000007b0dd0000, 0x00000007e2760000)
  object space 155456K, 49% used [0x00000007a7600000,0x00000007ac1b19e0,0x00000007b0dd0000)
 PSPermGen       total 21248K, used 11582K [0x00000007a2400000, 0x00000007a38c0000, 0x00000007a7600000)
  object space 21248K, 54% used [0x00000007a2400000,0x00000007a2f4f950,0x00000007a38c0000)
GC Heap History (8 events):
Event: 1.166 GC heap before
{Heap before GC invocations=1 (full 0):
 PSYoungGen      total 26432K, used 22440K [0x00000007e2760000, 0x00000007e44e0000, 0x0000000800000000)
  eden space 22656K, 99% used [0x00000007e2760000,0x00000007e3d4a1b8,0x00000007e3d80000)
  from space 3776K, 0% used [0x00000007e4130000,0x00000007e4130000,0x00000007e44e0000)
  to   space 3776K, 0% used [0x00000007e3d80000,0x00000007e3d80000,0x00000007e4130000)
 ParOldGen       total 60544K, used 0K [0x00000007a7600000, 0x00000007ab120000, 0x00000007e2760000)
  object space 60544K, 0% used [0x00000007a7600000,0x00000007a7600000,0x00000007ab120000)
 PSPermGen       total 21248K, used 6413K [0x00000007a2400000, 0x00000007a38c0000, 0x00000007a7600000)
  object space 21248K, 30% used [0x00000007a2400000,0x00000007a2a43548,0x00000007a38c0000)
Event: 1.187 GC heap after
Heap after GC invocations=1 (full 0):
 PSYoungGen      total 26432K, used 3753K [0x00000007e2760000, 0x00000007e5b00000, 0x0000000800000000)
  eden space 22656K, 0% used [0x00000007e2760000,0x00000007e2760000,0x00000007e3d80000)
  from space 3776K, 99% used [0x00000007e3d80000,0x00000007e412a660,0x00000007e4130000)
  to   space 3776K, 0% used [0x00000007e5750000,0x00000007e5750000,0x00000007e5b00000)
 ParOldGen       total 60544K, used 13672K [0x00000007a7600000, 0x00000007ab120000, 0x00000007e2760000)
  object space 60544K, 22% used [0x00000007a7600000,0x00000007a835a210,0x00000007ab120000)
 PSPermGen       total 21248K, used 6413K [0x00000007a2400000, 0x00000007a38c0000, 0x00000007a7600000)
  object space 21248K, 30% used [0x00000007a2400000,0x00000007a2a43548,0x00000007a38c0000)
}
Event: 1.637 GC heap before
{Heap before GC invocations=2 (full 0):
 PSYoungGen      total 26432K, used 26193K [0x00000007e2760000, 0x00000007e5b00000, 0x0000000800000000)
  eden space 22656K, 99% used [0x00000007e2760000,0x00000007e3d49e48,0x00000007e3d80000)
  from space 3776K, 99% used [0x00000007e3d80000,0x00000007e412a660,0x00000007e4130000)
  to   space 3776K, 0% used [0x00000007e5750000,0x00000007e5750000,0x00000007e5b00000)
 ParOldGen       total 60544K, used 13672K [0x00000007a7600000, 0x00000007ab120000, 0x00000007e2760000)
  object space 60544K, 22% used [0x00000007a7600000,0x00000007a835a210,0x00000007ab120000)
 PSPermGen       total 21248K, used 6418K [0x00000007a2400000, 0x00000007a38c0000, 0x00000007a7600000)
  object space 21248K, 30% used [0x00000007a2400000,0x00000007a2a44870,0x00000007a38c0000)
Event: 1.667 GC heap after
Heap after GC invocations=2 (full 0):
 PSYoungGen      total 49088K, used 3755K [0x00000007e2760000, 0x00000007e5b00000, 0x0000000800000000)
  eden space 45312K, 0% used [0x00000007e2760000,0x00000007e2760000,0x00000007e53a0000)
  from space 3776K, 99% used [0x00000007e5750000,0x00000007e5afaf10,0x00000007e5b00000)
  to   space 3776K, 0% used [0x00000007e53a0000,0x00000007e53a0000,0x00000007e5750000)
 ParOldGen       total 60544K, used 34507K [0x00000007a7600000, 0x00000007ab120000, 0x00000007e2760000)
  object space 60544K, 56% used [0x00000007a7600000,0x00000007a97b2ff8,0x00000007ab120000)
 PSPermGen       total 21248K, used 6418K [0x00000007a2400000, 0x00000007a38c0000, 0x00000007a7600000)
  object space 21248K, 30% used [0x00000007a2400000,0x00000007a2a44870,0x00000007a38c0000)
}
Event: 2.559 GC heap before
{Heap before GC invocations=3 (full 0):
 PSYoungGen      total 49088K, used 48927K [0x00000007e2760000, 0x00000007e5b00000, 0x0000000800000000)
  eden space 45312K, 99% used [0x00000007e2760000,0x00000007e537cec8,0x00000007e53a0000)
  from space 3776K, 99% used [0x00000007e5750000,0x00000007e5afaf10,0x00000007e5b00000)
  to   space 3776K, 0% used [0x00000007e53a0000,0x00000007e53a0000,0x00000007e5750000)
 ParOldGen       total 60544K, used 34507K [0x00000007a7600000, 0x00000007ab120000, 0x00000007e2760000)
  object space 60544K, 56% used [0x00000007a7600000,0x00000007a97b2ff8,0x00000007ab120000)
 PSPermGen       total 21248K, used 6429K [0x00000007a2400000, 0x00000007a38c0000, 0x00000007a7600000)
  object space 21248K, 30% used [0x00000007a2400000,0x00000007a2a47748,0x00000007a38c0000)
Event: 2.611 GC heap after
Heap after GC invocations=3 (full 0):
 PSYoungGen      total 49088K, used 3743K [0x00000007e2760000, 0x00000007e8740000, 0x0000000800000000)
  eden space 45312K, 0% used [0x00000007e2760000,0x00000007e2760000,0x00000007e53a0000)
  from space 3776K, 99% used [0x00000007e53a0000,0x00000007e5747f28,0x00000007e5750000)
  to   space 3776K, 0% used [0x00000007e8390000,0x00000007e8390000,0x00000007e8740000)
 ParOldGen       total 77824K, used 77280K [0x00000007a7600000, 0x00000007ac200000, 0x00000007e2760000)
  object space 77824K, 99% used [0x00000007a7600000,0x00000007ac1780e8,0x00000007ac200000)
 PSPermGen       total 21248K, used 6429K [0x00000007a2400000, 0x00000007a38c0000, 0x00000007a7600000)
  object space 21248K, 30% used [0x00000007a2400000,0x00000007a2a47748,0x00000007a38c0000)
}
Event: 2.611 GC heap before
{Heap before GC invocations=4 (full 1):
 PSYoungGen      total 49088K, used 3743K [0x00000007e2760000, 0x00000007e8740000, 0x0000000800000000)
  eden space 45312K, 0% used [0x00000007e2760000,0x00000007e2760000,0x00000007e53a0000)
  from space 3776K, 99% used [0x00000007e53a0000,0x00000007e5747f28,0x00000007e5750000)
  to   space 3776K, 0% used [0x00000007e8390000,0x00000007e8390000,0x00000007e8740000)
 ParOldGen       total 77824K, used 77280K [0x00000007a7600000, 0x00000007ac200000, 0x00000007e2760000)
  object space 77824K, 99% used [0x00000007a7600000,0x00000007ac1780e8,0x00000007ac200000)
 PSPermGen       total 21248K, used 6429K [0x00000007a2400000, 0x00000007a38c0000, 0x00000007a7600000)
  object space 21248K, 30% used [0x00000007a2400000,0x00000007a2a47748,0x00000007a38c0000)
Event: 2.692 GC heap after
Heap after GC invocations=4 (full 1):
 PSYoungGen      total 49088K, used 3366K [0x00000007e2760000, 0x00000007e8740000, 0x0000000800000000)
  eden space 45312K, 0% used [0x00000007e2760000,0x00000007e2760000,0x00000007e53a0000)
  from space 3776K, 89% used [0x00000007e53a0000,0x00000007e56e99b0,0x00000007e5750000)
  to   space 3776K, 0% used [0x00000007e8390000,0x00000007e8390000,0x00000007e8740000)
 ParOldGen       total 155456K, used 77510K [0x00000007a7600000, 0x00000007b0dd0000, 0x00000007e2760000)
  object space 155456K, 49% used [0x00000007a7600000,0x00000007ac1b19e0,0x00000007b0dd0000)
 PSPermGen       total 21248K, used 6426K [0x00000007a2400000, 0x00000007a38c0000, 0x00000007a7600000)
  object space 21248K, 30% used [0x00000007a2400000,0x00000007a2a46b48,0x00000007a38c0000)
}

