# JRE version: 7.0_04-b21
# Java VM: Java HotSpot(TM) 64-Bit Server VM (23.0-b21 mixed mode bsd-amd64 compressed oops)
Heap
 PSYoungGen      total 43264K, used 32973K [0x00000007e2400000, 0x00000007e57c0000, 0x0000000800000000)
  eden space 39872K, 74% used [0x00000007e2400000,0x00000007e40ef8f8,0x00000007e4af0000)
  from space 3392K, 98% used [0x00000007e5470000,0x00000007e57b3b90,0x00000007e57c0000)
  to   space 3776K, 0% used [0x00000007e5060000,0x00000007e5060000,0x00000007e5410000)
 ParOldGen       total 113472K, used 78190K [0x00000007a6c00000, 0x00000007adad0000, 0x00000007e2400000)
  object space 113472K, 68% used [0x00000007a6c00000,0x00000007ab85bb18,0x00000007adad0000)
 PSPermGen       total 21248K, used 11493K [0x00000007a1a00000, 0x00000007a2ec0000, 0x00000007a6c00000)
  object space 21248K, 54% used [0x00000007a1a00000,0x00000007a25396a8,0x00000007a2ec0000)
GC Heap History (10 events):
Event: 5.111 GC heap before
{Heap before GC invocations=1 (full 0):
 PSYoungGen      total 26688K, used 22807K [0x00000007e2400000, 0x00000007e41c0000, 0x0000000800000000)
  eden space 22912K, 99% used [0x00000007e2400000,0x00000007e3a45cd8,0x00000007e3a60000)
  from space 3776K, 0% used [0x00000007e3e10000,0x00000007e3e10000,0x00000007e41c0000)
  to   space 3776K, 0% used [0x00000007e3a60000,0x00000007e3a60000,0x00000007e3e10000)
 ParOldGen       total 60928K, used 0K [0x00000007a6c00000, 0x00000007aa780000, 0x00000007e2400000)
  object space 60928K, 0% used [0x00000007a6c00000,0x00000007a6c00000,0x00000007aa780000)
 PSPermGen       total 21248K, used 6188K [0x00000007a1a00000, 0x00000007a2ec0000, 0x00000007a6c00000)
  object space 21248K, 29% used [0x00000007a1a00000,0x00000007a200b308,0x00000007a2ec0000)
Event: 5.134 GC heap after
Heap after GC invocations=1 (full 0):
 PSYoungGen      total 26688K, used 3774K [0x00000007e2400000, 0x00000007e41c0000, 0x0000000800000000)
  eden space 22912K, 0% used [0x00000007e2400000,0x00000007e2400000,0x00000007e3a60000)
  from space 3776K, 99% used [0x00000007e3a60000,0x00000007e3e0f890,0x00000007e3e10000)
  to   space 3776K, 0% used [0x00000007e3e10000,0x00000007e3e10000,0x00000007e41c0000)
 ParOldGen       total 60928K, used 14343K [0x00000007a6c00000, 0x00000007aa780000, 0x00000007e2400000)
  object space 60928K, 23% used [0x00000007a6c00000,0x00000007a7a01db8,0x00000007aa780000)
 PSPermGen       total 21248K, used 6188K [0x00000007a1a00000, 0x00000007a2ec0000, 0x00000007a6c00000)
  object space 21248K, 29% used [0x00000007a1a00000,0x00000007a200b308,0x00000007a2ec0000)
}
Event: 5.849 GC heap before
{Heap before GC invocations=2 (full 0):
 PSYoungGen      total 26688K, used 26176K [0x00000007e2400000, 0x00000007e41c0000, 0x0000000800000000)
  eden space 22912K, 97% used [0x00000007e2400000,0x00000007e39e0a28,0x00000007e3a60000)
  from space 3776K, 99% used [0x00000007e3a60000,0x00000007e3e0f890,0x00000007e3e10000)
  to   space 3776K, 0% used [0x00000007e3e10000,0x00000007e3e10000,0x00000007e41c0000)
 ParOldGen       total 60928K, used 14343K [0x00000007a6c00000, 0x00000007aa780000, 0x00000007e2400000)
  object space 60928K, 23% used [0x00000007a6c00000,0x00000007a7a01db8,0x00000007aa780000)
 PSPermGen       total 21248K, used 6194K [0x00000007a1a00000, 0x00000007a2ec0000, 0x00000007a6c00000)
  object space 21248K, 29% used [0x00000007a1a00000,0x00000007a200c800,0x00000007a2ec0000)
Event: 5.880 GC heap after
Heap after GC invocations=2 (full 0):
 PSYoungGen      total 26688K, used 3762K [0x00000007e2400000, 0x00000007e5820000, 0x0000000800000000)
  eden space 22912K, 0% used [0x00000007e2400000,0x00000007e2400000,0x00000007e3a60000)
  from space 3776K, 99% used [0x00000007e3e10000,0x00000007e41bc830,0x00000007e41c0000)
  to   space 3776K, 0% used [0x00000007e3a60000,0x00000007e3a60000,0x00000007e3e10000)
 ParOldGen       total 60928K, used 35169K [0x00000007a6c00000, 0x00000007aa780000, 0x00000007e2400000)
  object space 60928K, 57% used [0x00000007a6c00000,0x00000007a8e58708,0x00000007aa780000)
 PSPermGen       total 21248K, used 6194K [0x00000007a1a00000, 0x00000007a2ec0000, 0x00000007a6c00000)
  object space 21248K, 29% used [0x00000007a1a00000,0x00000007a200c800,0x00000007a2ec0000)
}
Event: 6.528 GC heap before
{Heap before GC invocations=3 (full 0):
 PSYoungGen      total 26688K, used 26141K [0x00000007e2400000, 0x00000007e5820000, 0x0000000800000000)
  eden space 22912K, 97% used [0x00000007e2400000,0x00000007e39dadb8,0x00000007e3a60000)
  from space 3776K, 99% used [0x00000007e3e10000,0x00000007e41bc830,0x00000007e41c0000)
  to   space 3776K, 0% used [0x00000007e3a60000,0x00000007e3a60000,0x00000007e3e10000)
 ParOldGen       total 60928K, used 35169K [0x00000007a6c00000, 0x00000007aa780000, 0x00000007e2400000)
  object space 60928K, 57% used [0x00000007a6c00000,0x00000007a8e58708,0x00000007aa780000)
 PSPermGen       total 21248K, used 6203K [0x00000007a1a00000, 0x00000007a2ec0000, 0x00000007a6c00000)
  object space 21248K, 29% used [0x00000007a1a00000,0x00000007a200edc0,0x00000007a2ec0000)
Event: 6.558 GC heap after
Heap after GC invocations=3 (full 0):
 PSYoungGen      total 26688K, used 3753K [0x00000007e2400000, 0x00000007e5820000, 0x0000000800000000)
  eden space 22912K, 0% used [0x00000007e2400000,0x00000007e2400000,0x00000007e3a60000)
  from space 3776K, 99% used [0x00000007e3a60000,0x00000007e3e0a750,0x00000007e3e10000)
  to   space 3776K, 0% used [0x00000007e5470000,0x00000007e5470000,0x00000007e5820000)
 ParOldGen       total 60928K, used 56373K [0x00000007a6c00000, 0x00000007aa780000, 0x00000007e2400000)
  object space 60928K, 92% used [0x00000007a6c00000,0x00000007aa30d5b8,0x00000007aa780000)
 PSPermGen       total 21248K, used 6203K [0x00000007a1a00000, 0x00000007a2ec0000, 0x00000007a6c00000)
  object space 21248K, 29% used [0x00000007a1a00000,0x00000007a200edc0,0x00000007a2ec0000)
}
Event: 6.558 GC heap before
{Heap before GC invocations=4 (full 1):
 PSYoungGen      total 26688K, used 3753K [0x00000007e2400000, 0x00000007e5820000, 0x0000000800000000)
  eden space 22912K, 0% used [0x00000007e2400000,0x00000007e2400000,0x00000007e3a60000)
  from space 3776K, 99% used [0x00000007e3a60000,0x00000007e3e0a750,0x00000007e3e10000)
  to   space 3776K, 0% used [0x00000007e5470000,0x00000007e5470000,0x00000007e5820000)
 ParOldGen       total 60928K, used 56373K [0x00000007a6c00000, 0x00000007aa780000, 0x00000007e2400000)
  object space 60928K, 92% used [0x00000007a6c00000,0x00000007aa30d5b8,0x00000007aa780000)
 PSPermGen       total 21248K, used 6203K [0x00000007a1a00000, 0x00000007a2ec0000, 0x00000007a6c00000)
  object space 21248K, 29% used [0x00000007a1a00000,0x00000007a200edc0,0x00000007a2ec0000)
Event: 6.628 GC heap after
Heap after GC invocations=4 (full 1):
 PSYoungGen      total 26688K, used 0K [0x00000007e2400000, 0x00000007e5820000, 0x0000000800000000)
  eden space 22912K, 0% used [0x00000007e2400000,0x00000007e2400000,0x00000007e3a60000)
  from space 3776K, 0% used [0x00000007e3a60000,0x00000007e3a60000,0x00000007e3e10000)
  to   space 3776K, 0% used [0x00000007e5470000,0x00000007e5470000,0x00000007e5820000)
 ParOldGen       total 113472K, used 60024K [0x00000007a6c00000, 0x00000007adad0000, 0x00000007e2400000)
  object space 113472K, 52% used [0x00000007a6c00000,0x00000007aa69e3f8,0x00000007adad0000)
 PSPermGen       total 21248K, used 6200K [0x00000007a1a00000, 0x00000007a2ec0000, 0x00000007a6c00000)
  object space 21248K, 29% used [0x00000007a1a00000,0x00000007a200e240,0x00000007a2ec0000)
}
Event: 7.388 GC heap before
{Heap before GC invocations=5 (full 1):
 PSYoungGen      total 26688K, used 22547K [0x00000007e2400000, 0x00000007e5820000, 0x0000000800000000)
  eden space 22912K, 98% used [0x00000007e2400000,0x00000007e3a04f88,0x00000007e3a60000)
  from space 3776K, 0% used [0x00000007e3a60000,0x00000007e3a60000,0x00000007e3e10000)
  to   space 3776K, 0% used [0x00000007e5470000,0x00000007e5470000,0x00000007e5820000)
 ParOldGen       total 113472K, used 60024K [0x00000007a6c00000, 0x00000007adad0000, 0x00000007e2400000)
  object space 113472K, 52% used [0x00000007a6c00000,0x00000007aa69e3f8,0x00000007adad0000)
 PSPermGen       total 21248K, used 6206K [0x00000007a1a00000, 0x00000007a2ec0000, 0x00000007a6c00000)
  object space 21248K, 29% used [0x00000007a1a00000,0x00000007a200faf8,0x00000007a2ec0000)
Event: 7.415 GC heap after
Heap after GC invocations=5 (full 1):
 PSYoungGen      total 43264K, used 3342K [0x00000007e2400000, 0x00000007e57c0000, 0x0000000800000000)
  eden space 39872K, 0% used [0x00000007e2400000,0x00000007e2400000,0x00000007e4af0000)
  from space 3392K, 98% used [0x00000007e5470000,0x00000007e57b3b90,0x00000007e57c0000)
  to   space 3776K, 0% used [0x00000007e5060000,0x00000007e5060000,0x00000007e5410000)
 ParOldGen       total 113472K, used 78190K [0x00000007a6c00000, 0x00000007adad0000, 0x00000007e2400000)
  object space 113472K, 68% used [0x00000007a6c00000,0x00000007ab85bb18,0x00000007adad0000)
 PSPermGen       total 21248K, used 6206K [0x00000007a1a00000, 0x00000007a2ec0000, 0x00000007a6c00000)
  object space 21248K, 29% used [0x00000007a1a00000,0x00000007a200faf8,0x00000007a2ec0000)
}

