# JRE version: 7.0_04-b21
# Java VM: Java HotSpot(TM) 64-Bit Server VM (23.0-b21 mixed mode bsd-amd64 compressed oops)
Heap
 PSYoungGen      total 49152K, used 37534K [0x00000007e28b0000, 0x00000007e88b0000, 0x0000000800000000)
  eden space 45440K, 75% used [0x00000007e28b0000,0x00000007e49fcac8,0x00000007e5510000)
  from space 3712K, 92% used [0x00000007e5510000,0x00000007e586ae20,0x00000007e58b0000)
  to   space 3712K, 0% used [0x00000007e8510000,0x00000007e8510000,0x00000007e88b0000)
 ParOldGen       total 155840K, used 77441K [0x00000007a7a00000, 0x00000007b1230000, 0x00000007e28b0000)
  object space 155840K, 49% used [0x00000007a7a00000,0x00000007ac5a04b0,0x00000007b1230000)
 PSPermGen       total 21248K, used 11618K [0x00000007a2800000, 0x00000007a3cc0000, 0x00000007a7a00000)
  object space 21248K, 54% used [0x00000007a2800000,0x00000007a3358950,0x00000007a3cc0000)
GC Heap History (8 events):
Event: 1.153 GC heap before
{Heap before GC invocations=1 (full 0):
 PSYoungGen      total 26432K, used 22460K [0x00000007e28b0000, 0x00000007e4620000, 0x0000000800000000)
  eden space 22720K, 98% used [0x00000007e28b0000,0x00000007e3e9f268,0x00000007e3ee0000)
  from space 3712K, 0% used [0x00000007e4280000,0x00000007e4280000,0x00000007e4620000)
  to   space 3712K, 0% used [0x00000007e3ee0000,0x00000007e3ee0000,0x00000007e4280000)
 ParOldGen       total 60288K, used 0K [0x00000007a7a00000, 0x00000007ab4e0000, 0x00000007e28b0000)
  object space 60288K, 0% used [0x00000007a7a00000,0x00000007a7a00000,0x00000007ab4e0000)
 PSPermGen       total 21248K, used 6409K [0x00000007a2800000, 0x00000007a3cc0000, 0x00000007a7a00000)
  object space 21248K, 30% used [0x00000007a2800000,0x00000007a2e425c0,0x00000007a3cc0000)
Event: 1.174 GC heap after
Heap after GC invocations=1 (full 0):
 PSYoungGen      total 26432K, used 3682K [0x00000007e28b0000, 0x00000007e5c50000, 0x0000000800000000)
  eden space 22720K, 0% used [0x00000007e28b0000,0x00000007e28b0000,0x00000007e3ee0000)
  from space 3712K, 99% used [0x00000007e3ee0000,0x00000007e4278900,0x00000007e4280000)
  to   space 3712K, 0% used [0x00000007e58b0000,0x00000007e58b0000,0x00000007e5c50000)
 ParOldGen       total 60288K, used 13743K [0x00000007a7a00000, 0x00000007ab4e0000, 0x00000007e28b0000)
  object space 60288K, 22% used [0x00000007a7a00000,0x00000007a876bf70,0x00000007ab4e0000)
 PSPermGen       total 21248K, used 6409K [0x00000007a2800000, 0x00000007a3cc0000, 0x00000007a7a00000)
  object space 21248K, 30% used [0x00000007a2800000,0x00000007a2e425c0,0x00000007a3cc0000)
}
Event: 1.623 GC heap before
{Heap before GC invocations=2 (full 0):
 PSYoungGen      total 26432K, used 26127K [0x00000007e28b0000, 0x00000007e5c50000, 0x0000000800000000)
  eden space 22720K, 98% used [0x00000007e28b0000,0x00000007e3e9b5b8,0x00000007e3ee0000)
  from space 3712K, 99% used [0x00000007e3ee0000,0x00000007e4278900,0x00000007e4280000)
  to   space 3712K, 0% used [0x00000007e58b0000,0x00000007e58b0000,0x00000007e5c50000)
 ParOldGen       total 60288K, used 13743K [0x00000007a7a00000, 0x00000007ab4e0000, 0x00000007e28b0000)
  object space 60288K, 22% used [0x00000007a7a00000,0x00000007a876bf70,0x00000007ab4e0000)
 PSPermGen       total 21248K, used 6414K [0x00000007a2800000, 0x00000007a3cc0000, 0x00000007a7a00000)
  object space 21248K, 30% used [0x00000007a2800000,0x00000007a2e43878,0x00000007a3cc0000)
Event: 1.651 GC heap after
Heap after GC invocations=2 (full 0):
 PSYoungGen      total 49152K, used 3676K [0x00000007e28b0000, 0x00000007e5c50000, 0x0000000800000000)
  eden space 45440K, 0% used [0x00000007e28b0000,0x00000007e28b0000,0x00000007e5510000)
  from space 3712K, 99% used [0x00000007e58b0000,0x00000007e5c47128,0x00000007e5c50000)
  to   space 3712K, 0% used [0x00000007e5510000,0x00000007e5510000,0x00000007e58b0000)
 ParOldGen       total 60288K, used 34595K [0x00000007a7a00000, 0x00000007ab4e0000, 0x00000007e28b0000)
  object space 60288K, 57% used [0x00000007a7a00000,0x00000007a9bc8dc0,0x00000007ab4e0000)
 PSPermGen       total 21248K, used 6414K [0x00000007a2800000, 0x00000007a3cc0000, 0x00000007a7a00000)
  object space 21248K, 30% used [0x00000007a2800000,0x00000007a2e43878,0x00000007a3cc0000)
}
Event: 2.530 GC heap before
{Heap before GC invocations=3 (full 0):
 PSYoungGen      total 49152K, used 48856K [0x00000007e28b0000, 0x00000007e5c50000, 0x0000000800000000)
  eden space 45440K, 99% used [0x00000007e28b0000,0x00000007e54cf1d8,0x00000007e5510000)
  from space 3712K, 99% used [0x00000007e58b0000,0x00000007e5c47128,0x00000007e5c50000)
  to   space 3712K, 0% used [0x00000007e5510000,0x00000007e5510000,0x00000007e58b0000)
 ParOldGen       total 60288K, used 34595K [0x00000007a7a00000, 0x00000007ab4e0000, 0x00000007e28b0000)
  object space 60288K, 57% used [0x00000007a7a00000,0x00000007a9bc8dc0,0x00000007ab4e0000)
 PSPermGen       total 21248K, used 6425K [0x00000007a2800000, 0x00000007a3cc0000, 0x00000007a7a00000)
  object space 21248K, 30% used [0x00000007a2800000,0x00000007a2e46750,0x00000007a3cc0000)
Event: 2.581 GC heap after
Heap after GC invocations=3 (full 0):
 PSYoungGen      total 49152K, used 3708K [0x00000007e28b0000, 0x00000007e88b0000, 0x0000000800000000)
  eden space 45440K, 0% used [0x00000007e28b0000,0x00000007e28b0000,0x00000007e5510000)
  from space 3712K, 99% used [0x00000007e5510000,0x00000007e58af128,0x00000007e58b0000)
  to   space 3712K, 0% used [0x00000007e8510000,0x00000007e8510000,0x00000007e88b0000)
 ParOldGen       total 77568K, used 77251K [0x00000007a7a00000, 0x00000007ac5c0000, 0x00000007e28b0000)
  object space 77568K, 99% used [0x00000007a7a00000,0x00000007ac570ed8,0x00000007ac5c0000)
 PSPermGen       total 21248K, used 6425K [0x00000007a2800000, 0x00000007a3cc0000, 0x00000007a7a00000)
  object space 21248K, 30% used [0x00000007a2800000,0x00000007a2e46750,0x00000007a3cc0000)
}
Event: 2.581 GC heap before
{Heap before GC invocations=4 (full 1):
 PSYoungGen      total 49152K, used 3708K [0x00000007e28b0000, 0x00000007e88b0000, 0x0000000800000000)
  eden space 45440K, 0% used [0x00000007e28b0000,0x00000007e28b0000,0x00000007e5510000)
  from space 3712K, 99% used [0x00000007e5510000,0x00000007e58af128,0x00000007e58b0000)
  to   space 3712K, 0% used [0x00000007e8510000,0x00000007e8510000,0x00000007e88b0000)
 ParOldGen       total 77568K, used 77251K [0x00000007a7a00000, 0x00000007ac5c0000, 0x00000007e28b0000)
  object space 77568K, 99% used [0x00000007a7a00000,0x00000007ac570ed8,0x00000007ac5c0000)
 PSPermGen       total 21248K, used 6425K [0x00000007a2800000, 0x00000007a3cc0000, 0x00000007a7a00000)
  object space 21248K, 30% used [0x00000007a2800000,0x00000007a2e46750,0x00000007a3cc0000)
Event: 2.667 GC heap after
Heap after GC invocations=4 (full 1):
 PSYoungGen      total 49152K, used 3435K [0x00000007e28b0000, 0x00000007e88b0000, 0x0000000800000000)
  eden space 45440K, 0% used [0x00000007e28b0000,0x00000007e28b0000,0x00000007e5510000)
  from space 3712K, 92% used [0x00000007e5510000,0x00000007e586ae20,0x00000007e58b0000)
  to   space 3712K, 0% used [0x00000007e8510000,0x00000007e8510000,0x00000007e88b0000)
 ParOldGen       total 155840K, used 77441K [0x00000007a7a00000, 0x00000007b1230000, 0x00000007e28b0000)
  object space 155840K, 49% used [0x00000007a7a00000,0x00000007ac5a04b0,0x00000007b1230000)
 PSPermGen       total 21248K, used 6422K [0x00000007a2800000, 0x00000007a3cc0000, 0x00000007a7a00000)
  object space 21248K, 30% used [0x00000007a2800000,0x00000007a2e45b30,0x00000007a3cc0000)
}

