# JRE version: 7.0_04-b21
# Java VM: Java HotSpot(TM) 64-Bit Server VM (23.0-b21 mixed mode bsd-amd64 compressed oops)
Heap
 PSYoungGen      total 49216K, used 32389K [0x00000007e26b0000, 0x00000007e86d0000, 0x0000000800000000)
  eden space 45440K, 63% used [0x00000007e26b0000,0x00000007e42c5958,0x00000007e5310000)
  from space 3776K, 96% used [0x00000007e5310000,0x00000007e569bab0,0x00000007e56c0000)
  to   space 3776K, 0% used [0x00000007e8320000,0x00000007e8320000,0x00000007e86d0000)
 ParOldGen       total 155648K, used 77245K [0x00000007a7400000, 0x00000007b0c00000, 0x00000007e26b0000)
  object space 155648K, 49% used [0x00000007a7400000,0x00000007abf6f7e0,0x00000007b0c00000)
 PSPermGen       total 21248K, used 11231K [0x00000007a2200000, 0x00000007a36c0000, 0x00000007a7400000)
  object space 21248K, 52% used [0x00000007a2200000,0x00000007a2cf7e30,0x00000007a36c0000)
GC Heap History (8 events):
Event: 1.152 GC heap before
{Heap before GC invocations=1 (full 0):
 PSYoungGen      total 26496K, used 22461K [0x00000007e26b0000, 0x00000007e4440000, 0x0000000800000000)
  eden space 22720K, 98% used [0x00000007e26b0000,0x00000007e3c9f410,0x00000007e3ce0000)
  from space 3776K, 0% used [0x00000007e4090000,0x00000007e4090000,0x00000007e4440000)
  to   space 3776K, 0% used [0x00000007e3ce0000,0x00000007e3ce0000,0x00000007e4090000)
 ParOldGen       total 60544K, used 0K [0x00000007a7400000, 0x00000007aaf20000, 0x00000007e26b0000)
  object space 60544K, 0% used [0x00000007a7400000,0x00000007a7400000,0x00000007aaf20000)
 PSPermGen       total 21248K, used 6409K [0x00000007a2200000, 0x00000007a36c0000, 0x00000007a7400000)
  object space 21248K, 30% used [0x00000007a2200000,0x00000007a2842540,0x00000007a36c0000)
Event: 1.173 GC heap after
Heap after GC invocations=1 (full 0):
 PSYoungGen      total 26496K, used 3752K [0x00000007e26b0000, 0x00000007e5a70000, 0x0000000800000000)
  eden space 22720K, 0% used [0x00000007e26b0000,0x00000007e26b0000,0x00000007e3ce0000)
  from space 3776K, 99% used [0x00000007e3ce0000,0x00000007e408a138,0x00000007e4090000)
  to   space 3776K, 0% used [0x00000007e56c0000,0x00000007e56c0000,0x00000007e5a70000)
 ParOldGen       total 60544K, used 13665K [0x00000007a7400000, 0x00000007aaf20000, 0x00000007e26b0000)
  object space 60544K, 22% used [0x00000007a7400000,0x00000007a8158738,0x00000007aaf20000)
 PSPermGen       total 21248K, used 6409K [0x00000007a2200000, 0x00000007a36c0000, 0x00000007a7400000)
  object space 21248K, 30% used [0x00000007a2200000,0x00000007a2842540,0x00000007a36c0000)
}
Event: 1.620 GC heap before
{Heap before GC invocations=2 (full 0):
 PSYoungGen      total 26496K, used 26197K [0x00000007e26b0000, 0x00000007e5a70000, 0x0000000800000000)
  eden space 22720K, 98% used [0x00000007e26b0000,0x00000007e3c9b5b8,0x00000007e3ce0000)
  from space 3776K, 99% used [0x00000007e3ce0000,0x00000007e408a138,0x00000007e4090000)
  to   space 3776K, 0% used [0x00000007e56c0000,0x00000007e56c0000,0x00000007e5a70000)
 ParOldGen       total 60544K, used 13665K [0x00000007a7400000, 0x00000007aaf20000, 0x00000007e26b0000)
  object space 60544K, 22% used [0x00000007a7400000,0x00000007a8158738,0x00000007aaf20000)
 PSPermGen       total 21248K, used 6413K [0x00000007a2200000, 0x00000007a36c0000, 0x00000007a7400000)
  object space 21248K, 30% used [0x00000007a2200000,0x00000007a28437f8,0x00000007a36c0000)
Event: 1.648 GC heap after
Heap after GC invocations=2 (full 0):
 PSYoungGen      total 49216K, used 3754K [0x00000007e26b0000, 0x00000007e5a70000, 0x0000000800000000)
  eden space 45440K, 0% used [0x00000007e26b0000,0x00000007e26b0000,0x00000007e5310000)
  from space 3776K, 99% used [0x00000007e56c0000,0x00000007e5a6a9c0,0x00000007e5a70000)
  to   space 3776K, 0% used [0x00000007e5310000,0x00000007e5310000,0x00000007e56c0000)
 ParOldGen       total 60544K, used 34501K [0x00000007a7400000, 0x00000007aaf20000, 0x00000007e26b0000)
  object space 60544K, 56% used [0x00000007a7400000,0x00000007a95b1528,0x00000007aaf20000)
 PSPermGen       total 21248K, used 6413K [0x00000007a2200000, 0x00000007a36c0000, 0x00000007a7400000)
  object space 21248K, 30% used [0x00000007a2200000,0x00000007a28437f8,0x00000007a36c0000)
}
Event: 2.526 GC heap before
{Heap before GC invocations=3 (full 0):
 PSYoungGen      total 49216K, used 48934K [0x00000007e26b0000, 0x00000007e5a70000, 0x0000000800000000)
  eden space 45440K, 99% used [0x00000007e26b0000,0x00000007e52cf1a8,0x00000007e5310000)
  from space 3776K, 99% used [0x00000007e56c0000,0x00000007e5a6a9c0,0x00000007e5a70000)
  to   space 3776K, 0% used [0x00000007e5310000,0x00000007e5310000,0x00000007e56c0000)
 ParOldGen       total 60544K, used 34501K [0x00000007a7400000, 0x00000007aaf20000, 0x00000007e26b0000)
  object space 60544K, 56% used [0x00000007a7400000,0x00000007a95b1528,0x00000007aaf20000)
 PSPermGen       total 21248K, used 6425K [0x00000007a2200000, 0x00000007a36c0000, 0x00000007a7400000)
  object space 21248K, 30% used [0x00000007a2200000,0x00000007a28466d0,0x00000007a36c0000)
Event: 2.576 GC heap after
Heap after GC invocations=3 (full 0):
 PSYoungGen      total 49216K, used 3766K [0x00000007e26b0000, 0x00000007e86d0000, 0x0000000800000000)
  eden space 45440K, 0% used [0x00000007e26b0000,0x00000007e26b0000,0x00000007e5310000)
  from space 3776K, 99% used [0x00000007e5310000,0x00000007e56bdae8,0x00000007e56c0000)
  to   space 3776K, 0% used [0x00000007e8320000,0x00000007e8320000,0x00000007e86d0000)
 ParOldGen       total 77248K, used 77209K [0x00000007a7400000, 0x00000007abf70000, 0x00000007e26b0000)
  object space 77248K, 99% used [0x00000007a7400000,0x00000007abf66518,0x00000007abf70000)
 PSPermGen       total 21248K, used 6425K [0x00000007a2200000, 0x00000007a36c0000, 0x00000007a7400000)
  object space 21248K, 30% used [0x00000007a2200000,0x00000007a28466d0,0x00000007a36c0000)
}
Event: 2.576 GC heap before
{Heap before GC invocations=4 (full 1):
 PSYoungGen      total 49216K, used 3766K [0x00000007e26b0000, 0x00000007e86d0000, 0x0000000800000000)
  eden space 45440K, 0% used [0x00000007e26b0000,0x00000007e26b0000,0x00000007e5310000)
  from space 3776K, 99% used [0x00000007e5310000,0x00000007e56bdae8,0x00000007e56c0000)
  to   space 3776K, 0% used [0x00000007e8320000,0x00000007e8320000,0x00000007e86d0000)
 ParOldGen       total 77248K, used 77209K [0x00000007a7400000, 0x00000007abf70000, 0x00000007e26b0000)
  object space 77248K, 99% used [0x00000007a7400000,0x00000007abf66518,0x00000007abf70000)
 PSPermGen       total 21248K, used 6425K [0x00000007a2200000, 0x00000007a36c0000, 0x00000007a7400000)
  object space 21248K, 30% used [0x00000007a2200000,0x00000007a28466d0,0x00000007a36c0000)
Event: 2.659 GC heap after
Heap after GC invocations=4 (full 1):
 PSYoungGen      total 49216K, used 3630K [0x00000007e26b0000, 0x00000007e86d0000, 0x0000000800000000)
  eden space 45440K, 0% used [0x00000007e26b0000,0x00000007e26b0000,0x00000007e5310000)
  from space 3776K, 96% used [0x00000007e5310000,0x00000007e569bab0,0x00000007e56c0000)
  to   space 3776K, 0% used [0x00000007e8320000,0x00000007e8320000,0x00000007e86d0000)
 ParOldGen       total 155648K, used 77245K [0x00000007a7400000, 0x00000007b0c00000, 0x00000007e26b0000)
  object space 155648K, 49% used [0x00000007a7400000,0x00000007abf6f7e0,0x00000007b0c00000)
 PSPermGen       total 21248K, used 6422K [0x00000007a2200000, 0x00000007a36c0000, 0x00000007a7400000)
  object space 21248K, 30% used [0x00000007a2200000,0x00000007a2845af0,0x00000007a36c0000)
}

