# JRE version: 7.0_04-b21
# Java VM: Java HotSpot(TM) 64-Bit Server VM (23.0-b21 mixed mode bsd-amd64 compressed oops)
Heap
 PSYoungGen      total 49024K, used 41853K [0x00000007e2960000, 0x00000007e8920000, 0x0000000800000000)
  eden space 45312K, 84% used [0x00000007e2960000,0x00000007e4edd200,0x00000007e55a0000)
  from space 3712K, 93% used [0x00000007e55a0000,0x00000007e5902380,0x00000007e5940000)
  to   space 3712K, 0% used [0x00000007e8580000,0x00000007e8580000,0x00000007e8920000)
 ParOldGen       total 155712K, used 77411K [0x00000007a7c00000, 0x00000007b1410000, 0x00000007e2960000)
  object space 155712K, 49% used [0x00000007a7c00000,0x00000007ac798f50,0x00000007b1410000)
 PSPermGen       total 21248K, used 11647K [0x00000007a2a00000, 0x00000007a3ec0000, 0x00000007a7c00000)
  object space 21248K, 54% used [0x00000007a2a00000,0x00000007a355ff48,0x00000007a3ec0000)
GC Heap History (8 events):
Event: 1.127 GC heap before
{Heap before GC invocations=1 (full 0):
 PSYoungGen      total 26368K, used 22422K [0x00000007e2960000, 0x00000007e46c0000, 0x0000000800000000)
  eden space 22656K, 98% used [0x00000007e2960000,0x00000007e3f45b70,0x00000007e3f80000)
  from space 3712K, 0% used [0x00000007e4320000,0x00000007e4320000,0x00000007e46c0000)
  to   space 3712K, 0% used [0x00000007e3f80000,0x00000007e3f80000,0x00000007e4320000)
 ParOldGen       total 60288K, used 0K [0x00000007a7c00000, 0x00000007ab6e0000, 0x00000007e2960000)
  object space 60288K, 0% used [0x00000007a7c00000,0x00000007a7c00000,0x00000007ab6e0000)
 PSPermGen       total 21248K, used 6409K [0x00000007a2a00000, 0x00000007a3ec0000, 0x00000007a7c00000)
  object space 21248K, 30% used [0x00000007a2a00000,0x00000007a30425a0,0x00000007a3ec0000)
Event: 1.148 GC heap after
Heap after GC invocations=1 (full 0):
 PSYoungGen      total 26368K, used 3683K [0x00000007e2960000, 0x00000007e5ce0000, 0x0000000800000000)
  eden space 22656K, 0% used [0x00000007e2960000,0x00000007e2960000,0x00000007e3f80000)
  from space 3712K, 99% used [0x00000007e3f80000,0x00000007e4318db8,0x00000007e4320000)
  to   space 3712K, 0% used [0x00000007e5940000,0x00000007e5940000,0x00000007e5ce0000)
 ParOldGen       total 60288K, used 13734K [0x00000007a7c00000, 0x00000007ab6e0000, 0x00000007e2960000)
  object space 60288K, 22% used [0x00000007a7c00000,0x00000007a8969ab8,0x00000007ab6e0000)
 PSPermGen       total 21248K, used 6409K [0x00000007a2a00000, 0x00000007a3ec0000, 0x00000007a7c00000)
  object space 21248K, 30% used [0x00000007a2a00000,0x00000007a30425a0,0x00000007a3ec0000)
}
Event: 1.601 GC heap before
{Heap before GC invocations=2 (full 0):
 PSYoungGen      total 26368K, used 26123K [0x00000007e2960000, 0x00000007e5ce0000, 0x0000000800000000)
  eden space 22656K, 99% used [0x00000007e2960000,0x00000007e3f49f48,0x00000007e3f80000)
  from space 3712K, 99% used [0x00000007e3f80000,0x00000007e4318db8,0x00000007e4320000)
  to   space 3712K, 0% used [0x00000007e5940000,0x00000007e5940000,0x00000007e5ce0000)
 ParOldGen       total 60288K, used 13734K [0x00000007a7c00000, 0x00000007ab6e0000, 0x00000007e2960000)
  object space 60288K, 22% used [0x00000007a7c00000,0x00000007a8969ab8,0x00000007ab6e0000)
 PSPermGen       total 21248K, used 6414K [0x00000007a2a00000, 0x00000007a3ec0000, 0x00000007a7c00000)
  object space 21248K, 30% used [0x00000007a2a00000,0x00000007a3043858,0x00000007a3ec0000)
Event: 1.629 GC heap after
Heap after GC invocations=2 (full 0):
 PSYoungGen      total 49024K, used 3674K [0x00000007e2960000, 0x00000007e5ce0000, 0x0000000800000000)
  eden space 45312K, 0% used [0x00000007e2960000,0x00000007e2960000,0x00000007e55a0000)
  from space 3712K, 98% used [0x00000007e5940000,0x00000007e5cd6878,0x00000007e5ce0000)
  to   space 3712K, 0% used [0x00000007e55a0000,0x00000007e55a0000,0x00000007e5940000)
 ParOldGen       total 60288K, used 34589K [0x00000007a7c00000, 0x00000007ab6e0000, 0x00000007e2960000)
  object space 60288K, 57% used [0x00000007a7c00000,0x00000007a9dc7670,0x00000007ab6e0000)
 PSPermGen       total 21248K, used 6414K [0x00000007a2a00000, 0x00000007a3ec0000, 0x00000007a7c00000)
  object space 21248K, 30% used [0x00000007a2a00000,0x00000007a3043858,0x00000007a3ec0000)
}
Event: 2.510 GC heap before
{Heap before GC invocations=3 (full 0):
 PSYoungGen      total 49024K, used 48846K [0x00000007e2960000, 0x00000007e5ce0000, 0x0000000800000000)
  eden space 45312K, 99% used [0x00000007e2960000,0x00000007e557d138,0x00000007e55a0000)
  from space 3712K, 98% used [0x00000007e5940000,0x00000007e5cd6878,0x00000007e5ce0000)
  to   space 3712K, 0% used [0x00000007e55a0000,0x00000007e55a0000,0x00000007e5940000)
 ParOldGen       total 60288K, used 34589K [0x00000007a7c00000, 0x00000007ab6e0000, 0x00000007e2960000)
  object space 60288K, 57% used [0x00000007a7c00000,0x00000007a9dc7670,0x00000007ab6e0000)
 PSPermGen       total 21248K, used 6425K [0x00000007a2a00000, 0x00000007a3ec0000, 0x00000007a7c00000)
  object space 21248K, 30% used [0x00000007a2a00000,0x00000007a3046730,0x00000007a3ec0000)
Event: 2.561 GC heap after
Heap after GC invocations=3 (full 0):
 PSYoungGen      total 49024K, used 3706K [0x00000007e2960000, 0x00000007e8920000, 0x0000000800000000)
  eden space 45312K, 0% used [0x00000007e2960000,0x00000007e2960000,0x00000007e55a0000)
  from space 3712K, 99% used [0x00000007e55a0000,0x00000007e593e878,0x00000007e5940000)
  to   space 3712K, 0% used [0x00000007e8580000,0x00000007e8580000,0x00000007e8920000)
 ParOldGen       total 77568K, used 77277K [0x00000007a7c00000, 0x00000007ac7c0000, 0x00000007e2960000)
  object space 77568K, 99% used [0x00000007a7c00000,0x00000007ac777788,0x00000007ac7c0000)
 PSPermGen       total 21248K, used 6425K [0x00000007a2a00000, 0x00000007a3ec0000, 0x00000007a7c00000)
  object space 21248K, 30% used [0x00000007a2a00000,0x00000007a3046730,0x00000007a3ec0000)
}
Event: 2.561 GC heap before
{Heap before GC invocations=4 (full 1):
 PSYoungGen      total 49024K, used 3706K [0x00000007e2960000, 0x00000007e8920000, 0x0000000800000000)
  eden space 45312K, 0% used [0x00000007e2960000,0x00000007e2960000,0x00000007e55a0000)
  from space 3712K, 99% used [0x00000007e55a0000,0x00000007e593e878,0x00000007e5940000)
  to   space 3712K, 0% used [0x00000007e8580000,0x00000007e8580000,0x00000007e8920000)
 ParOldGen       total 77568K, used 77277K [0x00000007a7c00000, 0x00000007ac7c0000, 0x00000007e2960000)
  object space 77568K, 99% used [0x00000007a7c00000,0x00000007ac777788,0x00000007ac7c0000)
 PSPermGen       total 21248K, used 6425K [0x00000007a2a00000, 0x00000007a3ec0000, 0x00000007a7c00000)
  object space 21248K, 30% used [0x00000007a2a00000,0x00000007a3046730,0x00000007a3ec0000)
Event: 2.645 GC heap after
Heap after GC invocations=4 (full 1):
 PSYoungGen      total 49024K, used 3464K [0x00000007e2960000, 0x00000007e8920000, 0x0000000800000000)
  eden space 45312K, 0% used [0x00000007e2960000,0x00000007e2960000,0x00000007e55a0000)
  from space 3712K, 93% used [0x00000007e55a0000,0x00000007e5902380,0x00000007e5940000)
  to   space 3712K, 0% used [0x00000007e8580000,0x00000007e8580000,0x00000007e8920000)
 ParOldGen       total 155712K, used 77411K [0x00000007a7c00000, 0x00000007b1410000, 0x00000007e2960000)
  object space 155712K, 49% used [0x00000007a7c00000,0x00000007ac798f50,0x00000007b1410000)
 PSPermGen       total 21248K, used 6422K [0x00000007a2a00000, 0x00000007a3ec0000, 0x00000007a7c00000)
  object space 21248K, 30% used [0x00000007a2a00000,0x00000007a3045af0,0x00000007a3ec0000)
}

