# JRE version: 7.0_04-b21
# Java VM: Java HotSpot(TM) 64-Bit Server VM (23.0-b21 mixed mode bsd-amd64 compressed oops)
Heap
 PSYoungGen      total 49152K, used 33385K [0x00000007e2800000, 0x00000007e8800000, 0x0000000800000000)
  eden space 45440K, 65% used [0x00000007e2800000,0x00000007e4540798,0x00000007e5460000)
  from space 3712K, 92% used [0x00000007e5460000,0x00000007e57b9db8,0x00000007e5800000)
  to   space 3712K, 0% used [0x00000007e8460000,0x00000007e8460000,0x00000007e8800000)
 ParOldGen       total 155520K, used 77445K [0x00000007a7800000, 0x00000007b0fe0000, 0x00000007e2800000)
  object space 155520K, 49% used [0x00000007a7800000,0x00000007ac3a1518,0x00000007b0fe0000)
 PSPermGen       total 21248K, used 11496K [0x00000007a2600000, 0x00000007a3ac0000, 0x00000007a7800000)
  object space 21248K, 54% used [0x00000007a2600000,0x00000007a313a308,0x00000007a3ac0000)
GC Heap History (8 events):
Event: 1.098 GC heap before
{Heap before GC invocations=1 (full 0):
 PSYoungGen      total 26432K, used 22460K [0x00000007e2800000, 0x00000007e4570000, 0x0000000800000000)
  eden space 22720K, 98% used [0x00000007e2800000,0x00000007e3def198,0x00000007e3e30000)
  from space 3712K, 0% used [0x00000007e41d0000,0x00000007e41d0000,0x00000007e4570000)
  to   space 3712K, 0% used [0x00000007e3e30000,0x00000007e3e30000,0x00000007e41d0000)
 ParOldGen       total 60416K, used 0K [0x00000007a7800000, 0x00000007ab300000, 0x00000007e2800000)
  object space 60416K, 0% used [0x00000007a7800000,0x00000007a7800000,0x00000007ab300000)
 PSPermGen       total 21248K, used 6409K [0x00000007a2600000, 0x00000007a3ac0000, 0x00000007a7800000)
  object space 21248K, 30% used [0x00000007a2600000,0x00000007a2c42560,0x00000007a3ac0000)
Event: 1.120 GC heap after
Heap after GC invocations=1 (full 0):
 PSYoungGen      total 26432K, used 3709K [0x00000007e2800000, 0x00000007e5ba0000, 0x0000000800000000)
  eden space 22720K, 0% used [0x00000007e2800000,0x00000007e2800000,0x00000007e3e30000)
  from space 3712K, 99% used [0x00000007e3e30000,0x00000007e41cf490,0x00000007e41d0000)
  to   space 3712K, 0% used [0x00000007e5800000,0x00000007e5800000,0x00000007e5ba0000)
 ParOldGen       total 60416K, used 13708K [0x00000007a7800000, 0x00000007ab300000, 0x00000007e2800000)
  object space 60416K, 22% used [0x00000007a7800000,0x00000007a85633e0,0x00000007ab300000)
 PSPermGen       total 21248K, used 6409K [0x00000007a2600000, 0x00000007a3ac0000, 0x00000007a7800000)
  object space 21248K, 30% used [0x00000007a2600000,0x00000007a2c42560,0x00000007a3ac0000)
}
Event: 1.568 GC heap before
{Heap before GC invocations=2 (full 0):
 PSYoungGen      total 26432K, used 26154K [0x00000007e2800000, 0x00000007e5ba0000, 0x0000000800000000)
  eden space 22720K, 98% used [0x00000007e2800000,0x00000007e3deb5b8,0x00000007e3e30000)
  from space 3712K, 99% used [0x00000007e3e30000,0x00000007e41cf490,0x00000007e41d0000)
  to   space 3712K, 0% used [0x00000007e5800000,0x00000007e5800000,0x00000007e5ba0000)
 ParOldGen       total 60416K, used 13708K [0x00000007a7800000, 0x00000007ab300000, 0x00000007e2800000)
  object space 60416K, 22% used [0x00000007a7800000,0x00000007a85633e0,0x00000007ab300000)
 PSPermGen       total 21248K, used 6414K [0x00000007a2600000, 0x00000007a3ac0000, 0x00000007a7800000)
  object space 21248K, 30% used [0x00000007a2600000,0x00000007a2c43838,0x00000007a3ac0000)
Event: 1.596 GC heap after
Heap after GC invocations=2 (full 0):
 PSYoungGen      total 49152K, used 3698K [0x00000007e2800000, 0x00000007e5ba0000, 0x0000000800000000)
  eden space 45440K, 0% used [0x00000007e2800000,0x00000007e2800000,0x00000007e5460000)
  from space 3712K, 99% used [0x00000007e5800000,0x00000007e5b9cb00,0x00000007e5ba0000)
  to   space 3712K, 0% used [0x00000007e5460000,0x00000007e5460000,0x00000007e5800000)
 ParOldGen       total 60416K, used 34548K [0x00000007a7800000, 0x00000007ab300000, 0x00000007e2800000)
  object space 60416K, 57% used [0x00000007a7800000,0x00000007a99bd3f8,0x00000007ab300000)
 PSPermGen       total 21248K, used 6414K [0x00000007a2600000, 0x00000007a3ac0000, 0x00000007a7800000)
  object space 21248K, 30% used [0x00000007a2600000,0x00000007a2c43838,0x00000007a3ac0000)
}
Event: 2.474 GC heap before
{Heap before GC invocations=3 (full 0):
 PSYoungGen      total 49152K, used 48879K [0x00000007e2800000, 0x00000007e5ba0000, 0x0000000800000000)
  eden space 45440K, 99% used [0x00000007e2800000,0x00000007e541f1d8,0x00000007e5460000)
  from space 3712K, 99% used [0x00000007e5800000,0x00000007e5b9cb00,0x00000007e5ba0000)
  to   space 3712K, 0% used [0x00000007e5460000,0x00000007e5460000,0x00000007e5800000)
 ParOldGen       total 60416K, used 34548K [0x00000007a7800000, 0x00000007ab300000, 0x00000007e2800000)
  object space 60416K, 57% used [0x00000007a7800000,0x00000007a99bd3f8,0x00000007ab300000)
 PSPermGen       total 21248K, used 6425K [0x00000007a2600000, 0x00000007a3ac0000, 0x00000007a7800000)
  object space 21248K, 30% used [0x00000007a2600000,0x00000007a2c46710,0x00000007a3ac0000)
Event: 2.527 GC heap after
Heap after GC invocations=3 (full 0):
 PSYoungGen      total 49152K, used 3698K [0x00000007e2800000, 0x00000007e8800000, 0x0000000800000000)
  eden space 45440K, 0% used [0x00000007e2800000,0x00000007e2800000,0x00000007e5460000)
  from space 3712K, 99% used [0x00000007e5460000,0x00000007e57fcb00,0x00000007e5800000)
  to   space 3712K, 0% used [0x00000007e8460000,0x00000007e8460000,0x00000007e8800000)
 ParOldGen       total 77696K, used 77285K [0x00000007a7800000, 0x00000007ac3e0000, 0x00000007e2800000)
  object space 77696K, 99% used [0x00000007a7800000,0x00000007ac379510,0x00000007ac3e0000)
 PSPermGen       total 21248K, used 6425K [0x00000007a2600000, 0x00000007a3ac0000, 0x00000007a7800000)
  object space 21248K, 30% used [0x00000007a2600000,0x00000007a2c46710,0x00000007a3ac0000)
}
Event: 2.527 GC heap before
{Heap before GC invocations=4 (full 1):
 PSYoungGen      total 49152K, used 3698K [0x00000007e2800000, 0x00000007e8800000, 0x0000000800000000)
  eden space 45440K, 0% used [0x00000007e2800000,0x00000007e2800000,0x00000007e5460000)
  from space 3712K, 99% used [0x00000007e5460000,0x00000007e57fcb00,0x00000007e5800000)
  to   space 3712K, 0% used [0x00000007e8460000,0x00000007e8460000,0x00000007e8800000)
 ParOldGen       total 77696K, used 77285K [0x00000007a7800000, 0x00000007ac3e0000, 0x00000007e2800000)
  object space 77696K, 99% used [0x00000007a7800000,0x00000007ac379510,0x00000007ac3e0000)
 PSPermGen       total 21248K, used 6425K [0x00000007a2600000, 0x00000007a3ac0000, 0x00000007a7800000)
  object space 21248K, 30% used [0x00000007a2600000,0x00000007a2c46710,0x00000007a3ac0000)
Event: 2.606 GC heap after
Heap after GC invocations=4 (full 1):
 PSYoungGen      total 49152K, used 3431K [0x00000007e2800000, 0x00000007e8800000, 0x0000000800000000)
  eden space 45440K, 0% used [0x00000007e2800000,0x00000007e2800000,0x00000007e5460000)
  from space 3712K, 92% used [0x00000007e5460000,0x00000007e57b9db8,0x00000007e5800000)
  to   space 3712K, 0% used [0x00000007e8460000,0x00000007e8460000,0x00000007e8800000)
 ParOldGen       total 155520K, used 77445K [0x00000007a7800000, 0x00000007b0fe0000, 0x00000007e2800000)
  object space 155520K, 49% used [0x00000007a7800000,0x00000007ac3a1518,0x00000007b0fe0000)
 PSPermGen       total 21248K, used 6422K [0x00000007a2600000, 0x00000007a3ac0000, 0x00000007a7800000)
  object space 21248K, 30% used [0x00000007a2600000,0x00000007a2c45b30,0x00000007a3ac0000)
}

