# JRE version: 7.0_04-b21
# Java VM: Java HotSpot(TM) 64-Bit Server VM (23.0-b21 mixed mode bsd-amd64 compressed oops)
Heap
 PSYoungGen      total 49024K, used 45044K [0x000000014e5d0000, 0x0000000151950000, 0x000000016bbd0000)
  eden space 45312K, 91% used [0x000000014e5d0000,0x0000000150e339f0,0x0000000151210000)
  from space 3712K, 99% used [0x00000001515b0000,0x0000000151949878,0x0000000151950000)
  to   space 3712K, 0% used [0x0000000151210000,0x0000000151210000,0x00000001515b0000)
 ParOldGen       total 60160K, used 31964K [0x00000001139d0000, 0x0000000117490000, 0x000000014e5d0000)
  object space 60160K, 53% used [0x00000001139d0000,0x00000001159071f8,0x0000000117490000)
 PSPermGen       total 21248K, used 11305K [0x000000010e7d0000, 0x000000010fc90000, 0x00000001139d0000)
  object space 21248K, 53% used [0x000000010e7d0000,0x000000010f2da4e0,0x000000010fc90000)
GC Heap History (4 events):
Event: 5.385 GC heap before
{Heap before GC invocations=1 (full 0):
 PSYoungGen      total 26368K, used 22311K [0x000000014e5d0000, 0x0000000150330000, 0x000000016bbd0000)
  eden space 22656K, 98% used [0x000000014e5d0000,0x000000014fb99f18,0x000000014fbf0000)
  from space 3712K, 0% used [0x000000014ff90000,0x000000014ff90000,0x0000000150330000)
  to   space 3712K, 0% used [0x000000014fbf0000,0x000000014fbf0000,0x000000014ff90000)
 ParOldGen       total 60160K, used 0K [0x00000001139d0000, 0x0000000117490000, 0x000000014e5d0000)
  object space 60160K, 0% used [0x00000001139d0000,0x00000001139d0000,0x0000000117490000)
 PSPermGen       total 21248K, used 5541K [0x000000010e7d0000, 0x000000010fc90000, 0x00000001139d0000)
  object space 21248K, 26% used [0x000000010e7d0000,0x000000010ed39570,0x000000010fc90000)
Event: 6.946 GC heap after
Heap after GC invocations=1 (full 0):
 PSYoungGen      total 26368K, used 3698K [0x000000014e5d0000, 0x0000000151950000, 0x000000016bbd0000)
  eden space 22656K, 0% used [0x000000014e5d0000,0x000000014e5d0000,0x000000014fbf0000)
  from space 3712K, 99% used [0x000000014fbf0000,0x000000014ff8c9a0,0x000000014ff90000)
  to   space 3712K, 0% used [0x00000001515b0000,0x00000001515b0000,0x0000000151950000)
 ParOldGen       total 60160K, used 14129K [0x00000001139d0000, 0x0000000117490000, 0x000000014e5d0000)
  object space 60160K, 23% used [0x00000001139d0000,0x000000011479c548,0x0000000117490000)
 PSPermGen       total 21248K, used 5541K [0x000000010e7d0000, 0x000000010fc90000, 0x00000001139d0000)
  object space 21248K, 26% used [0x000000010e7d0000,0x000000010ed39570,0x000000010fc90000)
}
Event: 9.823 GC heap before
{Heap before GC invocations=2 (full 0):
 PSYoungGen      total 26368K, used 24803K [0x000000014e5d0000, 0x0000000151950000, 0x000000016bbd0000)
  eden space 22656K, 93% used [0x000000014e5d0000,0x000000014fa6c4f0,0x000000014fbf0000)
  from space 3712K, 99% used [0x000000014fbf0000,0x000000014ff8c9a0,0x000000014ff90000)
  to   space 3712K, 0% used [0x00000001515b0000,0x00000001515b0000,0x0000000151950000)
 ParOldGen       total 60160K, used 14129K [0x00000001139d0000, 0x0000000117490000, 0x000000014e5d0000)
  object space 60160K, 23% used [0x00000001139d0000,0x000000011479c548,0x0000000117490000)
 PSPermGen       total 21248K, used 6707K [0x000000010e7d0000, 0x000000010fc90000, 0x00000001139d0000)
  object space 21248K, 31% used [0x000000010e7d0000,0x000000010ee5cc90,0x000000010fc90000)
Event: 12.452 GC heap after
Heap after GC invocations=2 (full 0):
 PSYoungGen      total 49024K, used 3686K [0x000000014e5d0000, 0x0000000151950000, 0x000000016bbd0000)
  eden space 45312K, 0% used [0x000000014e5d0000,0x000000014e5d0000,0x0000000151210000)
  from space 3712K, 99% used [0x00000001515b0000,0x0000000151949878,0x0000000151950000)
  to   space 3712K, 0% used [0x0000000151210000,0x0000000151210000,0x00000001515b0000)
 ParOldGen       total 60160K, used 31964K [0x00000001139d0000, 0x0000000117490000, 0x000000014e5d0000)
  object space 60160K, 53% used [0x00000001139d0000,0x00000001159071f8,0x0000000117490000)
 PSPermGen       total 21248K, used 6707K [0x000000010e7d0000, 0x000000010fc90000, 0x00000001139d0000)
  object space 21248K, 31% used [0x000000010e7d0000,0x000000010ee5cc90,0x000000010fc90000)
}

