# JRE version: 7.0_04-b21
# Java VM: Java HotSpot(TM) 64-Bit Server VM (23.0-b21 mixed mode bsd-amd64 compressed oops)
Heap
 PSYoungGen      total 42112K, used 34413K [0x00000007e28b0000, 0x00000007e5c00000, 0x0000000800000000)
  eden space 38720K, 80% used [0x00000007e28b0000,0x00000007e4705d08,0x00000007e4e80000)
  from space 3392K, 98% used [0x00000007e58b0000,0x00000007e5bf5808,0x00000007e5c00000)
  to   space 3712K, 0% used [0x00000007e54c0000,0x00000007e54c0000,0x00000007e5860000)
 ParOldGen       total 113728K, used 77569K [0x00000007a7a00000, 0x00000007ae910000, 0x00000007e28b0000)
  object space 113728K, 68% used [0x00000007a7a00000,0x00000007ac5c05b8,0x00000007ae910000)
 PSPermGen       total 21248K, used 11533K [0x00000007a2800000, 0x00000007a3cc0000, 0x00000007a7a00000)
  object space 21248K, 54% used [0x00000007a2800000,0x00000007a33434d8,0x00000007a3cc0000)
GC Heap History (10 events):
Event: 4.129 GC heap before
{Heap before GC invocations=1 (full 0):
 PSYoungGen      total 26432K, used 22460K [0x00000007e28b0000, 0x00000007e4620000, 0x0000000800000000)
  eden space 22720K, 98% used [0x00000007e28b0000,0x00000007e3e9f198,0x00000007e3ee0000)
  from space 3712K, 0% used [0x00000007e4280000,0x00000007e4280000,0x00000007e4620000)
  to   space 3712K, 0% used [0x00000007e3ee0000,0x00000007e3ee0000,0x00000007e4280000)
 ParOldGen       total 60352K, used 0K [0x00000007a7a00000, 0x00000007ab4f0000, 0x00000007e28b0000)
  object space 60352K, 0% used [0x00000007a7a00000,0x00000007a7a00000,0x00000007ab4f0000)
 PSPermGen       total 21248K, used 6409K [0x00000007a2800000, 0x00000007a3cc0000, 0x00000007a7a00000)
  object space 21248K, 30% used [0x00000007a2800000,0x00000007a2e426c0,0x00000007a3cc0000)
Event: 4.168 GC heap after
Heap after GC invocations=1 (full 0):
 PSYoungGen      total 26432K, used 3700K [0x00000007e28b0000, 0x00000007e4620000, 0x0000000800000000)
  eden space 22720K, 0% used [0x00000007e28b0000,0x00000007e28b0000,0x00000007e3ee0000)
  from space 3712K, 99% used [0x00000007e3ee0000,0x00000007e427d158,0x00000007e4280000)
  to   space 3712K, 0% used [0x00000007e4280000,0x00000007e4280000,0x00000007e4620000)
 ParOldGen       total 60352K, used 13717K [0x00000007a7a00000, 0x00000007ab4f0000, 0x00000007e28b0000)
  object space 60352K, 22% used [0x00000007a7a00000,0x00000007a8765718,0x00000007ab4f0000)
 PSPermGen       total 21248K, used 6409K [0x00000007a2800000, 0x00000007a3cc0000, 0x00000007a7a00000)
  object space 21248K, 30% used [0x00000007a2800000,0x00000007a2e426c0,0x00000007a3cc0000)
}
Event: 4.942 GC heap before
{Heap before GC invocations=2 (full 0):
 PSYoungGen      total 26432K, used 26145K [0x00000007e28b0000, 0x00000007e4620000, 0x0000000800000000)
  eden space 22720K, 98% used [0x00000007e28b0000,0x00000007e3e9b5b8,0x00000007e3ee0000)
  from space 3712K, 99% used [0x00000007e3ee0000,0x00000007e427d158,0x00000007e4280000)
  to   space 3712K, 0% used [0x00000007e4280000,0x00000007e4280000,0x00000007e4620000)
 ParOldGen       total 60352K, used 13717K [0x00000007a7a00000, 0x00000007ab4f0000, 0x00000007e28b0000)
  object space 60352K, 22% used [0x00000007a7a00000,0x00000007a8765718,0x00000007ab4f0000)
 PSPermGen       total 21248K, used 6414K [0x00000007a2800000, 0x00000007a3cc0000, 0x00000007a7a00000)
  object space 21248K, 30% used [0x00000007a2800000,0x00000007a2e43978,0x00000007a3cc0000)
Event: 4.973 GC heap after
Heap after GC invocations=2 (full 0):
 PSYoungGen      total 26432K, used 3701K [0x00000007e28b0000, 0x00000007e5c50000, 0x0000000800000000)
  eden space 22720K, 0% used [0x00000007e28b0000,0x00000007e28b0000,0x00000007e3ee0000)
  from space 3712K, 99% used [0x00000007e4280000,0x00000007e461d6e0,0x00000007e4620000)
  to   space 3712K, 0% used [0x00000007e3ee0000,0x00000007e3ee0000,0x00000007e4280000)
 ParOldGen       total 60352K, used 34562K [0x00000007a7a00000, 0x00000007ab4f0000, 0x00000007e28b0000)
  object space 60352K, 57% used [0x00000007a7a00000,0x00000007a9bc0808,0x00000007ab4f0000)
 PSPermGen       total 21248K, used 6414K [0x00000007a2800000, 0x00000007a3cc0000, 0x00000007a7a00000)
  object space 21248K, 30% used [0x00000007a2800000,0x00000007a2e43978,0x00000007a3cc0000)
}
Event: 5.529 GC heap before
{Heap before GC invocations=3 (full 0):
 PSYoungGen      total 26432K, used 25952K [0x00000007e28b0000, 0x00000007e5c50000, 0x0000000800000000)
  eden space 22720K, 97% used [0x00000007e28b0000,0x00000007e3e6aba8,0x00000007e3ee0000)
  from space 3712K, 99% used [0x00000007e4280000,0x00000007e461d6e0,0x00000007e4620000)
  to   space 3712K, 0% used [0x00000007e3ee0000,0x00000007e3ee0000,0x00000007e4280000)
 ParOldGen       total 60352K, used 34562K [0x00000007a7a00000, 0x00000007ab4f0000, 0x00000007e28b0000)
  object space 60352K, 57% used [0x00000007a7a00000,0x00000007a9bc0808,0x00000007ab4f0000)
 PSPermGen       total 21248K, used 6421K [0x00000007a2800000, 0x00000007a3cc0000, 0x00000007a7a00000)
  object space 21248K, 30% used [0x00000007a2800000,0x00000007a2e45790,0x00000007a3cc0000)
Event: 5.557 GC heap after
Heap after GC invocations=3 (full 0):
 PSYoungGen      total 26432K, used 3701K [0x00000007e28b0000, 0x00000007e5c50000, 0x0000000800000000)
  eden space 22720K, 0% used [0x00000007e28b0000,0x00000007e28b0000,0x00000007e3ee0000)
  from space 3712K, 99% used [0x00000007e3ee0000,0x00000007e427d6e0,0x00000007e4280000)
  to   space 3712K, 0% used [0x00000007e58b0000,0x00000007e58b0000,0x00000007e5c50000)
 ParOldGen       total 60352K, used 55764K [0x00000007a7a00000, 0x00000007ab4f0000, 0x00000007e28b0000)
  object space 60352K, 92% used [0x00000007a7a00000,0x00000007ab075268,0x00000007ab4f0000)
 PSPermGen       total 21248K, used 6421K [0x00000007a2800000, 0x00000007a3cc0000, 0x00000007a7a00000)
  object space 21248K, 30% used [0x00000007a2800000,0x00000007a2e45790,0x00000007a3cc0000)
}
Event: 5.557 GC heap before
{Heap before GC invocations=4 (full 1):
 PSYoungGen      total 26432K, used 3701K [0x00000007e28b0000, 0x00000007e5c50000, 0x0000000800000000)
  eden space 22720K, 0% used [0x00000007e28b0000,0x00000007e28b0000,0x00000007e3ee0000)
  from space 3712K, 99% used [0x00000007e3ee0000,0x00000007e427d6e0,0x00000007e4280000)
  to   space 3712K, 0% used [0x00000007e58b0000,0x00000007e58b0000,0x00000007e5c50000)
 ParOldGen       total 60352K, used 55764K [0x00000007a7a00000, 0x00000007ab4f0000, 0x00000007e28b0000)
  object space 60352K, 92% used [0x00000007a7a00000,0x00000007ab075268,0x00000007ab4f0000)
 PSPermGen       total 21248K, used 6421K [0x00000007a2800000, 0x00000007a3cc0000, 0x00000007a7a00000)
  object space 21248K, 30% used [0x00000007a2800000,0x00000007a2e45790,0x00000007a3cc0000)
Event: 5.631 GC heap after
Heap after GC invocations=4 (full 1):
 PSYoungGen      total 26432K, used 0K [0x00000007e28b0000, 0x00000007e5c50000, 0x0000000800000000)
  eden space 22720K, 0% used [0x00000007e28b0000,0x00000007e28b0000,0x00000007e3ee0000)
  from space 3712K, 0% used [0x00000007e3ee0000,0x00000007e3ee0000,0x00000007e4280000)
  to   space 3712K, 0% used [0x00000007e58b0000,0x00000007e58b0000,0x00000007e5c50000)
 ParOldGen       total 113728K, used 59353K [0x00000007a7a00000, 0x00000007ae910000, 0x00000007e28b0000)
  object space 113728K, 52% used [0x00000007a7a00000,0x00000007ab3f6708,0x00000007ae910000)
 PSPermGen       total 21248K, used 6418K [0x00000007a2800000, 0x00000007a3cc0000, 0x00000007a7a00000)
  object space 21248K, 30% used [0x00000007a2800000,0x00000007a2e44b70,0x00000007a3cc0000)
}
Event: 6.266 GC heap before
{Heap before GC invocations=5 (full 1):
 PSYoungGen      total 26432K, used 22640K [0x00000007e28b0000, 0x00000007e5c50000, 0x0000000800000000)
  eden space 22720K, 99% used [0x00000007e28b0000,0x00000007e3ecc2a8,0x00000007e3ee0000)
  from space 3712K, 0% used [0x00000007e3ee0000,0x00000007e3ee0000,0x00000007e4280000)
  to   space 3712K, 0% used [0x00000007e58b0000,0x00000007e58b0000,0x00000007e5c50000)
 ParOldGen       total 113728K, used 59353K [0x00000007a7a00000, 0x00000007ae910000, 0x00000007e28b0000)
  object space 113728K, 52% used [0x00000007a7a00000,0x00000007ab3f6708,0x00000007ae910000)
 PSPermGen       total 21248K, used 6423K [0x00000007a2800000, 0x00000007a3cc0000, 0x00000007a7a00000)
  object space 21248K, 30% used [0x00000007a2800000,0x00000007a2e45c30,0x00000007a3cc0000)
Event: 6.290 GC heap after
Heap after GC invocations=5 (full 1):
 PSYoungGen      total 42112K, used 3350K [0x00000007e28b0000, 0x00000007e5c00000, 0x0000000800000000)
  eden space 38720K, 0% used [0x00000007e28b0000,0x00000007e28b0000,0x00000007e4e80000)
  from space 3392K, 98% used [0x00000007e58b0000,0x00000007e5bf5808,0x00000007e5c00000)
  to   space 3712K, 0% used [0x00000007e54c0000,0x00000007e54c0000,0x00000007e5860000)
 ParOldGen       total 113728K, used 77569K [0x00000007a7a00000, 0x00000007ae910000, 0x00000007e28b0000)
  object space 113728K, 68% used [0x00000007a7a00000,0x00000007ac5c05b8,0x00000007ae910000)
 PSPermGen       total 21248K, used 6423K [0x00000007a2800000, 0x00000007a3cc0000, 0x00000007a7a00000)
  object space 21248K, 30% used [0x00000007a2800000,0x00000007a2e45c30,0x00000007a3cc0000)
}

